#-----------------------------------------------------------
# Webtalk v2016.2 (64-bit)
# SW Build 1577090 on Thu Jun  2 16:32:35 MDT 2016
# 
# Start of session at: Wed May  9 10:45:04 2018
# Process ID: 6162
# Current directory: /home/userfs/m/ms1516/w2k/embs_open2/particle_sim_lab/particle_sim_lab.sdk/webtalk
# Command line: wbtcv -mode batch -source sdk_webtalk.tcl
# Log file: /home/userfs/m/ms1516/w2k/embs_open2/particle_sim_lab/particle_sim_lab.sdk/webtalk/webtalk.log
# Journal file: /home/userfs/m/ms1516/w2k/embs_open2/particle_sim_lab/particle_sim_lab.sdk/webtalk/webtalk.jou
#-----------------------------------------------------------
source sdk_webtalk.tcl
# webtalk_init -webtalk_dir /home/userfs/m/ms1516/w2k/embs_open2/particle_sim_lab/particle_sim_lab.sdk/webtalk
# webtalk_register_client -client project
# webtalk_add_data -client project -key date_generated -value "Wed May 9 10:45:04 2018" -context "software_version_and_target_device"
# webtalk_add_data -client project -key product_version -value "SDK v2016.2" -context "software_version_and_target_device"
# webtalk_add_data -client project -key build_version -value "2016.2" -context "software_version_and_target_device"
# webtalk_add_data -client project -key os_platform -value "amd64" -context "software_version_and_target_device"
# webtalk_add_data -client project -key registration_id -value "" -context "software_version_and_target_device"
# webtalk_add_data -client project -key tool_flow -value "SDK" -context "software_version_and_target_device"
# webtalk_add_data -client project -key beta -value "false" -context "software_version_and_target_device"
# webtalk_add_data -client project -key route_design -value "NA" -context "software_version_and_target_device"
# webtalk_add_data -client project -key target_family -value "NA" -context "software_version_and_target_device"
# webtalk_add_data -client project -key target_device -value "NA" -context "software_version_and_target_device"
# webtalk_add_data -client project -key target_package -value "NA" -context "software_version_and_target_device"
# webtalk_add_data -client project -key target_speed -value "NA" -context "software_version_and_target_device"
# webtalk_add_data -client project -key random_id -value "fksm79n6lt6h53ccm6ic5sdros" -context "software_version_and_target_device"
# webtalk_add_data -client project -key project_id -value "2016.2_9" -context "software_version_and_target_device"
# webtalk_add_data -client project -key project_iteration -value "9" -context "software_version_and_target_device"
# webtalk_add_data -client project -key os_name -value "" -context "user_environment"
# webtalk_add_data -client project -key os_release -value "" -context "user_environment"
# webtalk_add_data -client project -key cpu_name -value "" -context "user_environment"
# webtalk_add_data -client project -key cpu_speed -value "" -context "user_environment"
# webtalk_add_data -client project -key total_processors -value "" -context "user_environment"
# webtalk_add_data -client project -key system_ram -value "" -context "user_environment"
# webtalk_register_client -client sdk
# webtalk_add_data -client sdk -key uid -value "1525855360000" -context "sdk\\\\hardware/1525855360000"
# webtalk_add_data -client sdk -key isZynq -value "true" -context "sdk\\\\hardware/1525855360000"
# webtalk_add_data -client sdk -key Processors -value "2" -context "sdk\\\\hardware/1525855360000"
# webtalk_add_data -client sdk -key VivadoVersion -value "2016.2" -context "sdk\\\\hardware/1525855360000"
# webtalk_add_data -client sdk -key Arch -value "zynq" -context "sdk\\\\hardware/1525855360000"
# webtalk_add_data -client sdk -key Device -value "7z010" -context "sdk\\\\hardware/1525855360000"
# webtalk_add_data -client sdk -key IsHandoff -value "true" -context "sdk\\\\hardware/1525855360000"
# webtalk_transmit -clientid 406462321 -regid "" -xml /home/userfs/m/ms1516/w2k/embs_open2/particle_sim_lab/particle_sim_lab.sdk/webtalk/usage_statistics_ext_sdk.xml -html /home/userfs/m/ms1516/w2k/embs_open2/particle_sim_lab/particle_sim_lab.sdk/webtalk/usage_statistics_ext_sdk.html -wdm /home/userfs/m/ms1516/w2k/embs_open2/particle_sim_lab/particle_sim_lab.sdk/webtalk/sdk_webtalk.wdm -intro "<H3>SDK Usage Report</H3><BR>"
# webtalk_terminate
INFO: [Common 17-206] Exiting Webtalk at Wed May  9 10:45:04 2018...
