09:52:23 **** Incremental Build of configuration Release for project particle_sim_array ****
make pre-build main-build 
a9-linaro-pre-build-step
' '
make: Nothing to be done for `main-build'.
09:53:41 **** Auto Build of configuration Release for project particle_sim_array ****
make pre-build main-build 
a9-linaro-pre-build-step
' '
'Building file: ../src/simulation/simulation.c'
'Invoking: ARM v7 gcc compiler'
arm-none-eabi-gcc -Wall -O2 -c -fmessage-length=0 -MT"src/simulation/simulation.o" -mcpu=cortex-a9 -mfpu=vfpv3 -mfloat-abi=hard -I../../particle_sim_bsp/ps7_cortexa9_0/include -MMD -MP -MF"src/simulation/simulation.d" -MT"src/simulation/simulation.o" -o "src/simulation/simulation.o" "../src/simulation/simulation.c"
'Finished building: ../src/simulation/simulation.c'
' '
'Building target: particle_sim_array.elf'
'Invoking: ARM v7 gcc linker'
arm-none-eabi-gcc -mcpu=cortex-a9 -mfpu=vfpv3 -mfloat-abi=hard -Wl,-build-id=none -specs=Xilinx.spec -Wl,-T -Wl,../src/lscript.ld -L../../particle_sim_bsp/ps7_cortexa9_0/lib -o "particle_sim_array.elf"  ./src/zybo_vga/display_ctrl.o ./src/zybo_vga/dynclk.o  ./src/vga/vga.o  ./src/util/util.o  ./src/uart/input.o  ./src/simulation/simulation.o  ./src/fps/fps.o  ./src/ethernet/ethernet.o ./src/ethernet/ethernet_platform.o  ./src/main.o ./src/platform.o   -lm -Wl,--start-group,-lxil,-lgcc,-lc,--end-group -Wl,--start-group,-lxil,-llwip4,-lgcc,-lc,--end-group
'Finished building target: particle_sim_array.elf'
' '
'Invoking: ARM v7 Print Size'
arm-none-eabi-size particle_sim_array.elf  |tee "particle_sim_array.elf.size"
   text	   data	    bss	    dec	    hex	filename
 195536	   4460	12638496	12838492	 c3e65c	particle_sim_array.elf
'Finished building: particle_sim_array.elf.size'
' '
09:54:00 **** Auto Build of configuration Release for project particle_sim_array ****
make pre-build main-build 
a9-linaro-pre-build-step
' '
'Building file: ../src/main.c'
'Invoking: ARM v7 gcc compiler'
arm-none-eabi-gcc -Wall -O2 -c -fmessage-length=0 -MT"src/main.o" -mcpu=cortex-a9 -mfpu=vfpv3 -mfloat-abi=hard -I../../particle_sim_bsp/ps7_cortexa9_0/include -MMD -MP -MF"src/main.d" -MT"src/main.o" -o "src/main.o" "../src/main.c"
'Finished building: ../src/main.c'
' '
'Building target: particle_sim_array.elf'
'Invoking: ARM v7 gcc linker'
arm-none-eabi-gcc -mcpu=cortex-a9 -mfpu=vfpv3 -mfloat-abi=hard -Wl,-build-id=none -specs=Xilinx.spec -Wl,-T -Wl,../src/lscript.ld -L../../particle_sim_bsp/ps7_cortexa9_0/lib -o "particle_sim_array.elf"  ./src/zybo_vga/display_ctrl.o ./src/zybo_vga/dynclk.o  ./src/vga/vga.o  ./src/util/util.o  ./src/uart/input.o  ./src/simulation/simulation.o  ./src/fps/fps.o  ./src/ethernet/ethernet.o ./src/ethernet/ethernet_platform.o  ./src/main.o ./src/platform.o   -lm -Wl,--start-group,-lxil,-lgcc,-lc,--end-group -Wl,--start-group,-lxil,-llwip4,-lgcc,-lc,--end-group
'Finished building target: particle_sim_array.elf'
' '
'Invoking: ARM v7 Print Size'
arm-none-eabi-size particle_sim_array.elf  |tee "particle_sim_array.elf.size"
   text	   data	    bss	    dec	    hex	filename
 195536	   4460	12638496	12838492	 c3e65c	particle_sim_array.elf
'Finished building: particle_sim_array.elf.size'
' '
09:54:01 **** Incremental Build of configuration Release for project particle_sim_array ****
make pre-build main-build 
a9-linaro-pre-build-step
' '
make: Nothing to be done for `main-build'.
09:57:26 **** Auto Build of configuration Release for project particle_sim_array ****
make pre-build main-build 
a9-linaro-pre-build-step
' '
'Building file: ../src/main.c'
'Invoking: ARM v7 gcc compiler'
arm-none-eabi-gcc -Wall -O2 -c -fmessage-length=0 -MT"src/main.o" -mcpu=cortex-a9 -mfpu=vfpv3 -mfloat-abi=hard -I../../particle_sim_bsp/ps7_cortexa9_0/include -MMD -MP -MF"src/main.d" -MT"src/main.o" -o "src/main.o" "../src/main.c"
'Finished building: ../src/main.c'
' '
'Building target: particle_sim_array.elf'
'Invoking: ARM v7 gcc linker'
arm-none-eabi-gcc -mcpu=cortex-a9 -mfpu=vfpv3 -mfloat-abi=hard -Wl,-build-id=none -specs=Xilinx.spec -Wl,-T -Wl,../src/lscript.ld -L../../particle_sim_bsp/ps7_cortexa9_0/lib -o "particle_sim_array.elf"  ./src/zybo_vga/display_ctrl.o ./src/zybo_vga/dynclk.o  ./src/vga/vga.o  ./src/util/util.o  ./src/uart/input.o  ./src/simulation/simulation.o  ./src/fps/fps.o  ./src/ethernet/ethernet.o ./src/ethernet/ethernet_platform.o  ./src/main.o ./src/platform.o   -lm -Wl,--start-group,-lxil,-lgcc,-lc,--end-group -Wl,--start-group,-lxil,-llwip4,-lgcc,-lc,--end-group
'Finished building target: particle_sim_array.elf'
' '
'Invoking: ARM v7 Print Size'
arm-none-eabi-size particle_sim_array.elf  |tee "particle_sim_array.elf.size"
   text	   data	    bss	    dec	    hex	filename
 195600	   4460	12638496	12838556	 c3e69c	particle_sim_array.elf
'Finished building: particle_sim_array.elf.size'
' '
09:57:28 **** Incremental Build of configuration Release for project particle_sim_array ****
make pre-build main-build 
a9-linaro-pre-build-step
' '
make: Nothing to be done for `main-build'.
09:59:20 **** Auto Build of configuration Release for project particle_sim_array ****
make pre-build main-build 
a9-linaro-pre-build-step
' '
'Building file: ../src/main.c'
'Invoking: ARM v7 gcc compiler'
arm-none-eabi-gcc -Wall -O2 -c -fmessage-length=0 -MT"src/main.o" -mcpu=cortex-a9 -mfpu=vfpv3 -mfloat-abi=hard -I../../particle_sim_bsp/ps7_cortexa9_0/include -MMD -MP -MF"src/main.d" -MT"src/main.o" -o "src/main.o" "../src/main.c"
'Finished building: ../src/main.c'
' '
'Building target: particle_sim_array.elf'
'Invoking: ARM v7 gcc linker'
arm-none-eabi-gcc -mcpu=cortex-a9 -mfpu=vfpv3 -mfloat-abi=hard -Wl,-build-id=none -specs=Xilinx.spec -Wl,-T -Wl,../src/lscript.ld -L../../particle_sim_bsp/ps7_cortexa9_0/lib -o "particle_sim_array.elf"  ./src/zybo_vga/display_ctrl.o ./src/zybo_vga/dynclk.o  ./src/vga/vga.o  ./src/util/util.o  ./src/uart/input.o  ./src/simulation/simulation.o  ./src/fps/fps.o  ./src/ethernet/ethernet.o ./src/ethernet/ethernet_platform.o  ./src/main.o ./src/platform.o   -lm -Wl,--start-group,-lxil,-lgcc,-lc,--end-group -Wl,--start-group,-lxil,-llwip4,-lgcc,-lc,--end-group
'Finished building target: particle_sim_array.elf'
' '
'Invoking: ARM v7 Print Size'
arm-none-eabi-size particle_sim_array.elf  |tee "particle_sim_array.elf.size"
   text	   data	    bss	    dec	    hex	filename
 195536	   4460	12638496	12838492	 c3e65c	particle_sim_array.elf
'Finished building: particle_sim_array.elf.size'
' '
09:59:22 **** Incremental Build of configuration Release for project particle_sim_array ****
make pre-build main-build 
a9-linaro-pre-build-step
' '
make: Nothing to be done for `main-build'.
10:01:37 **** Auto Build of configuration Release for project particle_sim_array ****
make pre-build main-build 
a9-linaro-pre-build-step
' '
'Building file: ../src/simulation/simulation.c'
'Invoking: ARM v7 gcc compiler'
arm-none-eabi-gcc -Wall -O2 -c -fmessage-length=0 -MT"src/simulation/simulation.o" -mcpu=cortex-a9 -mfpu=vfpv3 -mfloat-abi=hard -I../../particle_sim_bsp/ps7_cortexa9_0/include -MMD -MP -MF"src/simulation/simulation.d" -MT"src/simulation/simulation.o" -o "src/simulation/simulation.o" "../src/simulation/simulation.c"
'Finished building: ../src/simulation/simulation.c'
' '
'Building target: particle_sim_array.elf'
'Invoking: ARM v7 gcc linker'
arm-none-eabi-gcc -mcpu=cortex-a9 -mfpu=vfpv3 -mfloat-abi=hard -Wl,-build-id=none -specs=Xilinx.spec -Wl,-T -Wl,../src/lscript.ld -L../../particle_sim_bsp/ps7_cortexa9_0/lib -o "particle_sim_array.elf"  ./src/zybo_vga/display_ctrl.o ./src/zybo_vga/dynclk.o  ./src/vga/vga.o  ./src/util/util.o  ./src/uart/input.o  ./src/simulation/simulation.o  ./src/fps/fps.o  ./src/ethernet/ethernet.o ./src/ethernet/ethernet_platform.o  ./src/main.o ./src/platform.o   -lm -Wl,--start-group,-lxil,-lgcc,-lc,--end-group -Wl,--start-group,-lxil,-llwip4,-lgcc,-lc,--end-group
'Finished building target: particle_sim_array.elf'
' '
'Invoking: ARM v7 Print Size'
arm-none-eabi-size particle_sim_array.elf  |tee "particle_sim_array.elf.size"
   text	   data	    bss	    dec	    hex	filename
 195548	   4460	12638496	12838504	 c3e668	particle_sim_array.elf
'Finished building: particle_sim_array.elf.size'
' '
10:01:39 **** Incremental Build of configuration Release for project particle_sim_array ****
make pre-build main-build 
a9-linaro-pre-build-step
' '
make: Nothing to be done for `main-build'.
