15:48:57 INFO  : Launching XSDB server: xsdb -n -interactive /home/userfs/m/ms1516/w2k/embs_open2/particle_sim_lab/particle_sim_lab.sdk/temp_xsdb_launch_script.tcl
15:49:07 INFO  : XSDB server has started successfully.
15:49:08 INFO  : Processing command line option -hwspec /home/userfs/m/ms1516/w2k/embs_open2/particle_sim_lab/particle_sim_lab.sdk/design_1_wrapper.hdf.
15:54:20 INFO  : Connected to target on host '127.0.0.1' and port '3121'.
15:54:21 INFO  : 'targets -set -filter {jtag_cable_name =~ "Digilent Zybo 210279759725A" && level==0} -index 1' command is executed.
15:54:24 INFO  : FPGA configured successfully with bitstream "/home/userfs/m/ms1516/w2k/embs_open2/particle_sim_lab/particle_sim_lab.sdk/design_1_wrapper_hw_platform_0/design_1_wrapper.bit"
15:54:30 INFO  : 'targets -set -filter {jtag_cable_name =~ "Digilent Zybo 210279759725A" && level==0} -index 1' command is executed.
15:54:30 INFO  : 'fpga -state' command is executed.
15:54:30 INFO  : Connected to target on host '127.0.0.1' and port '3121'.
15:54:30 INFO  : Jtag cable 'Digilent Zybo 210279759725A' is selected.
15:54:30 INFO  : 'jtag frequency' command is executed.
15:54:30 INFO  : Sourcing of '/home/userfs/m/ms1516/w2k/embs_open2/particle_sim_lab/particle_sim_lab.sdk/design_1_wrapper_hw_platform_0/ps7_init.tcl' is done.
15:54:30 INFO  : 'targets -set -filter {name =~"APU" && jtag_cable_name =~ "Digilent Zybo 210279759725A"} -index 0' command is executed.
15:54:30 INFO  : Hardware design information is loaded from '/home/userfs/m/ms1516/w2k/embs_open2/particle_sim_lab/particle_sim_lab.sdk/design_1_wrapper_hw_platform_0/system.hdf'.
15:54:30 INFO  : 'targets -set -filter {name =~"APU" && jtag_cable_name =~ "Digilent Zybo 210279759725A"} -index 0' command is executed.
15:54:30 INFO  : 'stop' command is executed.
15:54:31 INFO  : 'ps7_init' command is executed.
15:54:31 INFO  : 'ps7_post_config' command is executed.
15:54:31 INFO  : Context for processor 'ps7_cortexa9_0' is selected.
15:54:31 INFO  : Processor reset is completed for 'ps7_cortexa9_0'.
15:54:31 INFO  : Context for processor 'ps7_cortexa9_0' is selected.
15:54:31 INFO  : The application '/home/userfs/m/ms1516/w2k/embs_open2/particle_sim_lab/particle_sim_lab.sdk/particle_sim/Debug/particle_sim.elf' is downloaded to processor 'ps7_cortexa9_0'.
15:54:31 INFO  : ----------------XSDB Script----------------
connect -url tcp:127.0.0.1:3121
source /home/userfs/m/ms1516/w2k/embs_open2/particle_sim_lab/particle_sim_lab.sdk/design_1_wrapper_hw_platform_0/ps7_init.tcl
targets -set -filter {name =~"APU" && jtag_cable_name =~ "Digilent Zybo 210279759725A"} -index 0
loadhw /home/userfs/m/ms1516/w2k/embs_open2/particle_sim_lab/particle_sim_lab.sdk/design_1_wrapper_hw_platform_0/system.hdf
targets -set -filter {name =~"APU" && jtag_cable_name =~ "Digilent Zybo 210279759725A"} -index 0
stop
ps7_init
ps7_post_config
targets -set -nocase -filter {name =~ "ARM*#0" && jtag_cable_name =~ "Digilent Zybo 210279759725A"} -index 0
rst -processor
targets -set -nocase -filter {name =~ "ARM*#0" && jtag_cable_name =~ "Digilent Zybo 210279759725A"} -index 0
dow /home/userfs/m/ms1516/w2k/embs_open2/particle_sim_lab/particle_sim_lab.sdk/particle_sim/Debug/particle_sim.elf
----------------End of Script----------------

15:54:31 INFO  : Memory regions updated for context APU
15:54:31 INFO  : Context for processor 'ps7_cortexa9_0' is selected.
15:54:31 INFO  : 'con' command is executed.
15:54:31 INFO  : ----------------XSDB Script (After Launch)----------------
targets -set -nocase -filter {name =~ "ARM*#0" && jtag_cable_name =~ "Digilent Zybo 210279759725A"} -index 0
con
----------------End of Script----------------

15:54:31 INFO  : Launch script is exported to file '/home/userfs/m/ms1516/w2k/embs_open2/particle_sim_lab/particle_sim_lab.sdk/.sdk/launch_scripts/xilinx_c-c++_application_(system_debugger)/system_debugger_on_local_particle_sim.elf.tcl'
15:56:38 INFO  : Disconnected from the channel tcfchan#1.
15:56:38 INFO  : 'targets -set -filter {jtag_cable_name =~ "Digilent Zybo 210279759725A" && level==0} -index 1' command is executed.
15:56:38 INFO  : 'fpga -state' command is executed.
15:56:38 INFO  : Connected to target on host '127.0.0.1' and port '3121'.
15:56:38 INFO  : Jtag cable 'Digilent Zybo 210279759725A' is selected.
15:56:38 INFO  : 'jtag frequency' command is executed.
15:56:38 INFO  : Sourcing of '/home/userfs/m/ms1516/w2k/embs_open2/particle_sim_lab/particle_sim_lab.sdk/design_1_wrapper_hw_platform_0/ps7_init.tcl' is done.
15:56:38 INFO  : 'targets -set -filter {name =~"APU" && jtag_cable_name =~ "Digilent Zybo 210279759725A"} -index 0' command is executed.
15:56:41 INFO  : Hardware design information is loaded from '/home/userfs/m/ms1516/w2k/embs_open2/particle_sim_lab/particle_sim_lab.sdk/design_1_wrapper_hw_platform_0/system.hdf'.
15:56:41 INFO  : 'targets -set -filter {name =~"APU" && jtag_cable_name =~ "Digilent Zybo 210279759725A"} -index 0' command is executed.
15:56:41 INFO  : 'stop' command is executed.
15:56:42 INFO  : 'ps7_init' command is executed.
15:56:42 INFO  : 'ps7_post_config' command is executed.
15:56:42 INFO  : Context for processor 'ps7_cortexa9_0' is selected.
15:56:42 INFO  : Processor reset is completed for 'ps7_cortexa9_0'.
15:56:42 INFO  : Context for processor 'ps7_cortexa9_0' is selected.
15:56:42 INFO  : The application '/home/userfs/m/ms1516/w2k/embs_open2/particle_sim_lab/particle_sim_lab.sdk/particle_sim/Debug/particle_sim.elf' is downloaded to processor 'ps7_cortexa9_0'.
15:56:42 INFO  : ----------------XSDB Script----------------
connect -url tcp:127.0.0.1:3121
source /home/userfs/m/ms1516/w2k/embs_open2/particle_sim_lab/particle_sim_lab.sdk/design_1_wrapper_hw_platform_0/ps7_init.tcl
targets -set -filter {name =~"APU" && jtag_cable_name =~ "Digilent Zybo 210279759725A"} -index 0
loadhw /home/userfs/m/ms1516/w2k/embs_open2/particle_sim_lab/particle_sim_lab.sdk/design_1_wrapper_hw_platform_0/system.hdf
targets -set -filter {name =~"APU" && jtag_cable_name =~ "Digilent Zybo 210279759725A"} -index 0
stop
ps7_init
ps7_post_config
targets -set -nocase -filter {name =~ "ARM*#0" && jtag_cable_name =~ "Digilent Zybo 210279759725A"} -index 0
rst -processor
targets -set -nocase -filter {name =~ "ARM*#0" && jtag_cable_name =~ "Digilent Zybo 210279759725A"} -index 0
dow /home/userfs/m/ms1516/w2k/embs_open2/particle_sim_lab/particle_sim_lab.sdk/particle_sim/Debug/particle_sim.elf
----------------End of Script----------------

15:56:42 INFO  : Memory regions updated for context APU
15:56:42 INFO  : Context for processor 'ps7_cortexa9_0' is selected.
15:56:42 INFO  : 'con' command is executed.
15:56:42 INFO  : ----------------XSDB Script (After Launch)----------------
targets -set -nocase -filter {name =~ "ARM*#0" && jtag_cable_name =~ "Digilent Zybo 210279759725A"} -index 0
con
----------------End of Script----------------

15:56:42 INFO  : Launch script is exported to file '/home/userfs/m/ms1516/w2k/embs_open2/particle_sim_lab/particle_sim_lab.sdk/.sdk/launch_scripts/xilinx_c-c++_application_(system_debugger)/system_debugger_on_local_particle_sim.elf.tcl'
15:58:19 INFO  : Disconnected from the channel tcfchan#2.
15:58:19 INFO  : Connected to target on host '127.0.0.1' and port '3121'.
15:58:20 INFO  : Jtag cable 'Digilent Zybo 210279759725A' is selected.
15:58:20 INFO  : 'jtag frequency' command is executed.
15:58:20 INFO  : Sourcing of '/home/userfs/m/ms1516/w2k/embs_open2/particle_sim_lab/particle_sim_lab.sdk/design_1_wrapper_hw_platform_0/ps7_init.tcl' is done.
15:58:20 INFO  : 'targets -set -filter {name =~"APU" && jtag_cable_name =~ "Digilent Zybo 210279759725A"} -index 0' command is executed.
15:58:20 INFO  : System reset is completed.
15:58:23 INFO  : 'after 3000' command is executed.
15:58:23 INFO  : 'targets -set -filter {jtag_cable_name =~ "Digilent Zybo 210279759725A" && level==0} -index 1' command is executed.
15:58:26 INFO  : FPGA configured successfully with bitstream "/home/userfs/m/ms1516/w2k/embs_open2/particle_sim_lab/particle_sim_lab.sdk/design_1_wrapper_hw_platform_0/design_1_wrapper.bit"
15:58:27 INFO  : 'targets -set -filter {name =~"APU" && jtag_cable_name =~ "Digilent Zybo 210279759725A"} -index 0' command is executed.
15:58:29 INFO  : Hardware design information is loaded from '/home/userfs/m/ms1516/w2k/embs_open2/particle_sim_lab/particle_sim_lab.sdk/design_1_wrapper_hw_platform_0/system.hdf'.
15:58:29 INFO  : 'targets -set -filter {name =~"APU" && jtag_cable_name =~ "Digilent Zybo 210279759725A"} -index 0' command is executed.
15:58:30 INFO  : 'ps7_init' command is executed.
15:58:30 INFO  : 'ps7_post_config' command is executed.
15:58:30 INFO  : Context for processor 'ps7_cortexa9_0' is selected.
15:58:30 INFO  : The application '/home/userfs/m/ms1516/w2k/embs_open2/particle_sim_lab/particle_sim_lab.sdk/particle_sim/Debug/particle_sim.elf' is downloaded to processor 'ps7_cortexa9_0'.
15:58:30 INFO  : ----------------XSDB Script----------------
connect -url tcp:127.0.0.1:3121
source /home/userfs/m/ms1516/w2k/embs_open2/particle_sim_lab/particle_sim_lab.sdk/design_1_wrapper_hw_platform_0/ps7_init.tcl
targets -set -filter {name =~"APU" && jtag_cable_name =~ "Digilent Zybo 210279759725A"} -index 0
rst -system
after 3000
targets -set -filter {jtag_cable_name =~ "Digilent Zybo 210279759725A" && level==0} -index 1
fpga -file /home/userfs/m/ms1516/w2k/embs_open2/particle_sim_lab/particle_sim_lab.sdk/design_1_wrapper_hw_platform_0/design_1_wrapper.bit
targets -set -filter {name =~"APU" && jtag_cable_name =~ "Digilent Zybo 210279759725A"} -index 0
loadhw /home/userfs/m/ms1516/w2k/embs_open2/particle_sim_lab/particle_sim_lab.sdk/design_1_wrapper_hw_platform_0/system.hdf
targets -set -filter {name =~"APU" && jtag_cable_name =~ "Digilent Zybo 210279759725A"} -index 0
ps7_init
ps7_post_config
targets -set -nocase -filter {name =~ "ARM*#0" && jtag_cable_name =~ "Digilent Zybo 210279759725A"} -index 0
dow /home/userfs/m/ms1516/w2k/embs_open2/particle_sim_lab/particle_sim_lab.sdk/particle_sim/Debug/particle_sim.elf
----------------End of Script----------------

15:58:30 INFO  : Memory regions updated for context APU
15:58:30 INFO  : Context for processor 'ps7_cortexa9_0' is selected.
15:58:30 INFO  : 'con' command is executed.
15:58:30 INFO  : ----------------XSDB Script (After Launch)----------------
targets -set -nocase -filter {name =~ "ARM*#0" && jtag_cable_name =~ "Digilent Zybo 210279759725A"} -index 0
con
----------------End of Script----------------

15:58:30 INFO  : Launch script is exported to file '/home/userfs/m/ms1516/w2k/embs_open2/particle_sim_lab/particle_sim_lab.sdk/.sdk/launch_scripts/xilinx_c-c++_application_(system_debugger)/system_debugger_on_local_particle_sim.elf.tcl'
16:21:53 INFO  : Disconnected from the channel tcfchan#3.
16:21:53 INFO  : Connected to target on host '127.0.0.1' and port '3121'.
16:21:53 INFO  : Jtag cable 'Digilent Zybo 210279759725A' is selected.
16:21:53 INFO  : 'jtag frequency' command is executed.
16:21:53 INFO  : Sourcing of '/home/userfs/m/ms1516/w2k/embs_open2/particle_sim_lab/particle_sim_lab.sdk/design_1_wrapper_hw_platform_0/ps7_init.tcl' is done.
16:21:53 INFO  : 'targets -set -filter {name =~"APU" && jtag_cable_name =~ "Digilent Zybo 210279759725A"} -index 0' command is executed.
16:21:53 INFO  : System reset is completed.
16:21:56 INFO  : 'after 3000' command is executed.
16:21:56 INFO  : 'targets -set -filter {jtag_cable_name =~ "Digilent Zybo 210279759725A" && level==0} -index 1' command is executed.
16:22:00 INFO  : FPGA configured successfully with bitstream "/home/userfs/m/ms1516/w2k/embs_open2/particle_sim_lab/particle_sim_lab.sdk/design_1_wrapper_hw_platform_0/design_1_wrapper.bit"
16:22:00 INFO  : 'targets -set -filter {name =~"APU" && jtag_cable_name =~ "Digilent Zybo 210279759725A"} -index 0' command is executed.
16:22:02 INFO  : Hardware design information is loaded from '/home/userfs/m/ms1516/w2k/embs_open2/particle_sim_lab/particle_sim_lab.sdk/design_1_wrapper_hw_platform_0/system.hdf'.
16:22:02 INFO  : 'targets -set -filter {name =~"APU" && jtag_cable_name =~ "Digilent Zybo 210279759725A"} -index 0' command is executed.
16:22:03 INFO  : 'ps7_init' command is executed.
16:22:03 INFO  : 'ps7_post_config' command is executed.
16:22:03 INFO  : Context for processor 'ps7_cortexa9_0' is selected.
16:22:03 INFO  : The application '/home/userfs/m/ms1516/w2k/embs_open2/particle_sim_lab/particle_sim_lab.sdk/particle_sim/Debug/particle_sim.elf' is downloaded to processor 'ps7_cortexa9_0'.
16:22:03 INFO  : ----------------XSDB Script----------------
connect -url tcp:127.0.0.1:3121
source /home/userfs/m/ms1516/w2k/embs_open2/particle_sim_lab/particle_sim_lab.sdk/design_1_wrapper_hw_platform_0/ps7_init.tcl
targets -set -filter {name =~"APU" && jtag_cable_name =~ "Digilent Zybo 210279759725A"} -index 0
rst -system
after 3000
targets -set -filter {jtag_cable_name =~ "Digilent Zybo 210279759725A" && level==0} -index 1
fpga -file /home/userfs/m/ms1516/w2k/embs_open2/particle_sim_lab/particle_sim_lab.sdk/design_1_wrapper_hw_platform_0/design_1_wrapper.bit
targets -set -filter {name =~"APU" && jtag_cable_name =~ "Digilent Zybo 210279759725A"} -index 0
loadhw /home/userfs/m/ms1516/w2k/embs_open2/particle_sim_lab/particle_sim_lab.sdk/design_1_wrapper_hw_platform_0/system.hdf
targets -set -filter {name =~"APU" && jtag_cable_name =~ "Digilent Zybo 210279759725A"} -index 0
ps7_init
ps7_post_config
targets -set -nocase -filter {name =~ "ARM*#0" && jtag_cable_name =~ "Digilent Zybo 210279759725A"} -index 0
dow /home/userfs/m/ms1516/w2k/embs_open2/particle_sim_lab/particle_sim_lab.sdk/particle_sim/Debug/particle_sim.elf
----------------End of Script----------------

16:22:03 INFO  : Memory regions updated for context APU
16:22:03 INFO  : Context for processor 'ps7_cortexa9_0' is selected.
16:22:03 INFO  : 'con' command is executed.
16:22:03 INFO  : ----------------XSDB Script (After Launch)----------------
targets -set -nocase -filter {name =~ "ARM*#0" && jtag_cable_name =~ "Digilent Zybo 210279759725A"} -index 0
con
----------------End of Script----------------

16:22:03 INFO  : Launch script is exported to file '/home/userfs/m/ms1516/w2k/embs_open2/particle_sim_lab/particle_sim_lab.sdk/.sdk/launch_scripts/xilinx_c-c++_application_(system_debugger)/system_debugger_on_local_particle_sim.elf.tcl'
16:36:01 INFO  : Disconnected from the channel tcfchan#4.
16:36:01 INFO  : Connected to target on host '127.0.0.1' and port '3121'.
16:36:01 INFO  : Jtag cable 'Digilent Zybo 210279759725A' is selected.
16:36:01 INFO  : 'jtag frequency' command is executed.
16:36:01 INFO  : Sourcing of '/home/userfs/m/ms1516/w2k/embs_open2/particle_sim_lab/particle_sim_lab.sdk/design_1_wrapper_hw_platform_0/ps7_init.tcl' is done.
16:36:01 INFO  : 'targets -set -filter {name =~"APU" && jtag_cable_name =~ "Digilent Zybo 210279759725A"} -index 0' command is executed.
16:36:01 INFO  : System reset is completed.
16:36:04 INFO  : 'after 3000' command is executed.
16:36:04 INFO  : 'targets -set -filter {jtag_cable_name =~ "Digilent Zybo 210279759725A" && level==0} -index 1' command is executed.
16:36:08 INFO  : FPGA configured successfully with bitstream "/home/userfs/m/ms1516/w2k/embs_open2/particle_sim_lab/particle_sim_lab.sdk/design_1_wrapper_hw_platform_0/design_1_wrapper.bit"
16:36:08 INFO  : 'targets -set -filter {name =~"APU" && jtag_cable_name =~ "Digilent Zybo 210279759725A"} -index 0' command is executed.
16:36:11 INFO  : Hardware design information is loaded from '/home/userfs/m/ms1516/w2k/embs_open2/particle_sim_lab/particle_sim_lab.sdk/design_1_wrapper_hw_platform_0/system.hdf'.
16:36:11 INFO  : 'targets -set -filter {name =~"APU" && jtag_cable_name =~ "Digilent Zybo 210279759725A"} -index 0' command is executed.
16:36:11 INFO  : 'ps7_init' command is executed.
16:36:11 INFO  : 'ps7_post_config' command is executed.
16:36:11 INFO  : Context for processor 'ps7_cortexa9_0' is selected.
16:36:11 INFO  : The application '/home/userfs/m/ms1516/w2k/embs_open2/particle_sim_lab/particle_sim_lab.sdk/particle_sim/Debug/particle_sim.elf' is downloaded to processor 'ps7_cortexa9_0'.
16:36:11 INFO  : ----------------XSDB Script----------------
connect -url tcp:127.0.0.1:3121
source /home/userfs/m/ms1516/w2k/embs_open2/particle_sim_lab/particle_sim_lab.sdk/design_1_wrapper_hw_platform_0/ps7_init.tcl
targets -set -filter {name =~"APU" && jtag_cable_name =~ "Digilent Zybo 210279759725A"} -index 0
rst -system
after 3000
targets -set -filter {jtag_cable_name =~ "Digilent Zybo 210279759725A" && level==0} -index 1
fpga -file /home/userfs/m/ms1516/w2k/embs_open2/particle_sim_lab/particle_sim_lab.sdk/design_1_wrapper_hw_platform_0/design_1_wrapper.bit
targets -set -filter {name =~"APU" && jtag_cable_name =~ "Digilent Zybo 210279759725A"} -index 0
loadhw /home/userfs/m/ms1516/w2k/embs_open2/particle_sim_lab/particle_sim_lab.sdk/design_1_wrapper_hw_platform_0/system.hdf
targets -set -filter {name =~"APU" && jtag_cable_name =~ "Digilent Zybo 210279759725A"} -index 0
ps7_init
ps7_post_config
targets -set -nocase -filter {name =~ "ARM*#0" && jtag_cable_name =~ "Digilent Zybo 210279759725A"} -index 0
dow /home/userfs/m/ms1516/w2k/embs_open2/particle_sim_lab/particle_sim_lab.sdk/particle_sim/Debug/particle_sim.elf
----------------End of Script----------------

16:36:11 INFO  : Memory regions updated for context APU
16:36:11 INFO  : Context for processor 'ps7_cortexa9_0' is selected.
16:36:11 INFO  : 'con' command is executed.
16:36:11 INFO  : ----------------XSDB Script (After Launch)----------------
targets -set -nocase -filter {name =~ "ARM*#0" && jtag_cable_name =~ "Digilent Zybo 210279759725A"} -index 0
con
----------------End of Script----------------

16:36:11 INFO  : Launch script is exported to file '/home/userfs/m/ms1516/w2k/embs_open2/particle_sim_lab/particle_sim_lab.sdk/.sdk/launch_scripts/xilinx_c-c++_application_(system_debugger)/system_debugger_on_local_particle_sim.elf.tcl'
16:41:42 INFO  : Disconnected from the channel tcfchan#5.
16:41:42 INFO  : Connected to target on host '127.0.0.1' and port '3121'.
16:41:42 INFO  : Jtag cable 'Digilent Zybo 210279759725A' is selected.
16:41:42 INFO  : 'jtag frequency' command is executed.
16:41:42 INFO  : Sourcing of '/home/userfs/m/ms1516/w2k/embs_open2/particle_sim_lab/particle_sim_lab.sdk/design_1_wrapper_hw_platform_0/ps7_init.tcl' is done.
16:41:42 INFO  : 'targets -set -filter {name =~"APU" && jtag_cable_name =~ "Digilent Zybo 210279759725A"} -index 0' command is executed.
16:41:42 INFO  : System reset is completed.
16:41:45 INFO  : 'after 3000' command is executed.
16:41:45 INFO  : 'targets -set -filter {jtag_cable_name =~ "Digilent Zybo 210279759725A" && level==0} -index 1' command is executed.
16:41:49 INFO  : FPGA configured successfully with bitstream "/home/userfs/m/ms1516/w2k/embs_open2/particle_sim_lab/particle_sim_lab.sdk/design_1_wrapper_hw_platform_0/design_1_wrapper.bit"
16:41:50 INFO  : 'targets -set -filter {name =~"APU" && jtag_cable_name =~ "Digilent Zybo 210279759725A"} -index 0' command is executed.
16:41:52 INFO  : Hardware design information is loaded from '/home/userfs/m/ms1516/w2k/embs_open2/particle_sim_lab/particle_sim_lab.sdk/design_1_wrapper_hw_platform_0/system.hdf'.
16:41:52 INFO  : 'targets -set -filter {name =~"APU" && jtag_cable_name =~ "Digilent Zybo 210279759725A"} -index 0' command is executed.
16:41:53 INFO  : 'ps7_init' command is executed.
16:41:53 INFO  : 'ps7_post_config' command is executed.
16:41:53 INFO  : Context for processor 'ps7_cortexa9_0' is selected.
16:41:53 INFO  : The application '/home/userfs/m/ms1516/w2k/embs_open2/particle_sim_lab/particle_sim_lab.sdk/particle_sim/Debug/particle_sim.elf' is downloaded to processor 'ps7_cortexa9_0'.
16:41:53 INFO  : ----------------XSDB Script----------------
connect -url tcp:127.0.0.1:3121
source /home/userfs/m/ms1516/w2k/embs_open2/particle_sim_lab/particle_sim_lab.sdk/design_1_wrapper_hw_platform_0/ps7_init.tcl
targets -set -filter {name =~"APU" && jtag_cable_name =~ "Digilent Zybo 210279759725A"} -index 0
rst -system
after 3000
targets -set -filter {jtag_cable_name =~ "Digilent Zybo 210279759725A" && level==0} -index 1
fpga -file /home/userfs/m/ms1516/w2k/embs_open2/particle_sim_lab/particle_sim_lab.sdk/design_1_wrapper_hw_platform_0/design_1_wrapper.bit
targets -set -filter {name =~"APU" && jtag_cable_name =~ "Digilent Zybo 210279759725A"} -index 0
loadhw /home/userfs/m/ms1516/w2k/embs_open2/particle_sim_lab/particle_sim_lab.sdk/design_1_wrapper_hw_platform_0/system.hdf
targets -set -filter {name =~"APU" && jtag_cable_name =~ "Digilent Zybo 210279759725A"} -index 0
ps7_init
ps7_post_config
targets -set -nocase -filter {name =~ "ARM*#0" && jtag_cable_name =~ "Digilent Zybo 210279759725A"} -index 0
dow /home/userfs/m/ms1516/w2k/embs_open2/particle_sim_lab/particle_sim_lab.sdk/particle_sim/Debug/particle_sim.elf
----------------End of Script----------------

16:41:53 INFO  : Memory regions updated for context APU
16:41:53 INFO  : Context for processor 'ps7_cortexa9_0' is selected.
16:41:53 INFO  : 'con' command is executed.
16:41:53 INFO  : ----------------XSDB Script (After Launch)----------------
targets -set -nocase -filter {name =~ "ARM*#0" && jtag_cable_name =~ "Digilent Zybo 210279759725A"} -index 0
con
----------------End of Script----------------

16:41:53 INFO  : Launch script is exported to file '/home/userfs/m/ms1516/w2k/embs_open2/particle_sim_lab/particle_sim_lab.sdk/.sdk/launch_scripts/xilinx_c-c++_application_(system_debugger)/system_debugger_on_local_particle_sim.elf.tcl'
16:42:17 INFO  : Disconnected from the channel tcfchan#6.
16:42:17 INFO  : Connected to target on host '127.0.0.1' and port '3121'.
16:42:18 INFO  : Jtag cable 'Digilent Zybo 210279759725A' is selected.
16:42:18 INFO  : 'jtag frequency' command is executed.
16:42:18 INFO  : Sourcing of '/home/userfs/m/ms1516/w2k/embs_open2/particle_sim_lab/particle_sim_lab.sdk/design_1_wrapper_hw_platform_0/ps7_init.tcl' is done.
16:42:18 INFO  : 'targets -set -filter {name =~"APU" && jtag_cable_name =~ "Digilent Zybo 210279759725A"} -index 0' command is executed.
16:42:18 INFO  : System reset is completed.
16:42:21 INFO  : 'after 3000' command is executed.
16:42:21 INFO  : 'targets -set -filter {jtag_cable_name =~ "Digilent Zybo 210279759725A" && level==0} -index 1' command is executed.
16:42:25 INFO  : FPGA configured successfully with bitstream "/home/userfs/m/ms1516/w2k/embs_open2/particle_sim_lab/particle_sim_lab.sdk/design_1_wrapper_hw_platform_0/design_1_wrapper.bit"
16:42:25 INFO  : 'targets -set -filter {name =~"APU" && jtag_cable_name =~ "Digilent Zybo 210279759725A"} -index 0' command is executed.
16:42:27 INFO  : Hardware design information is loaded from '/home/userfs/m/ms1516/w2k/embs_open2/particle_sim_lab/particle_sim_lab.sdk/design_1_wrapper_hw_platform_0/system.hdf'.
16:42:27 INFO  : 'targets -set -filter {name =~"APU" && jtag_cable_name =~ "Digilent Zybo 210279759725A"} -index 0' command is executed.
16:42:28 INFO  : 'ps7_init' command is executed.
16:42:28 INFO  : 'ps7_post_config' command is executed.
16:42:28 INFO  : Context for processor 'ps7_cortexa9_0' is selected.
16:42:28 INFO  : The application '/home/userfs/m/ms1516/w2k/embs_open2/particle_sim_lab/particle_sim_lab.sdk/particle_sim/Debug/particle_sim.elf' is downloaded to processor 'ps7_cortexa9_0'.
16:42:28 INFO  : ----------------XSDB Script----------------
connect -url tcp:127.0.0.1:3121
source /home/userfs/m/ms1516/w2k/embs_open2/particle_sim_lab/particle_sim_lab.sdk/design_1_wrapper_hw_platform_0/ps7_init.tcl
targets -set -filter {name =~"APU" && jtag_cable_name =~ "Digilent Zybo 210279759725A"} -index 0
rst -system
after 3000
targets -set -filter {jtag_cable_name =~ "Digilent Zybo 210279759725A" && level==0} -index 1
fpga -file /home/userfs/m/ms1516/w2k/embs_open2/particle_sim_lab/particle_sim_lab.sdk/design_1_wrapper_hw_platform_0/design_1_wrapper.bit
targets -set -filter {name =~"APU" && jtag_cable_name =~ "Digilent Zybo 210279759725A"} -index 0
loadhw /home/userfs/m/ms1516/w2k/embs_open2/particle_sim_lab/particle_sim_lab.sdk/design_1_wrapper_hw_platform_0/system.hdf
targets -set -filter {name =~"APU" && jtag_cable_name =~ "Digilent Zybo 210279759725A"} -index 0
ps7_init
ps7_post_config
targets -set -nocase -filter {name =~ "ARM*#0" && jtag_cable_name =~ "Digilent Zybo 210279759725A"} -index 0
dow /home/userfs/m/ms1516/w2k/embs_open2/particle_sim_lab/particle_sim_lab.sdk/particle_sim/Debug/particle_sim.elf
----------------End of Script----------------

16:42:28 INFO  : Memory regions updated for context APU
16:42:28 INFO  : Context for processor 'ps7_cortexa9_0' is selected.
16:42:28 INFO  : 'con' command is executed.
16:42:28 INFO  : ----------------XSDB Script (After Launch)----------------
targets -set -nocase -filter {name =~ "ARM*#0" && jtag_cable_name =~ "Digilent Zybo 210279759725A"} -index 0
con
----------------End of Script----------------

16:42:28 INFO  : Launch script is exported to file '/home/userfs/m/ms1516/w2k/embs_open2/particle_sim_lab/particle_sim_lab.sdk/.sdk/launch_scripts/xilinx_c-c++_application_(system_debugger)/system_debugger_on_local_particle_sim.elf.tcl'
16:43:08 INFO  : Disconnected from the channel tcfchan#7.
16:43:08 INFO  : Connected to target on host '127.0.0.1' and port '3121'.
16:43:08 INFO  : Jtag cable 'Digilent Zybo 210279759725A' is selected.
16:43:08 INFO  : 'jtag frequency' command is executed.
16:43:08 INFO  : Sourcing of '/home/userfs/m/ms1516/w2k/embs_open2/particle_sim_lab/particle_sim_lab.sdk/design_1_wrapper_hw_platform_0/ps7_init.tcl' is done.
16:43:08 INFO  : 'targets -set -filter {name =~"APU" && jtag_cable_name =~ "Digilent Zybo 210279759725A"} -index 0' command is executed.
16:43:08 INFO  : System reset is completed.
16:43:11 INFO  : 'after 3000' command is executed.
16:43:11 INFO  : 'targets -set -filter {jtag_cable_name =~ "Digilent Zybo 210279759725A" && level==0} -index 1' command is executed.
16:43:15 INFO  : FPGA configured successfully with bitstream "/home/userfs/m/ms1516/w2k/embs_open2/particle_sim_lab/particle_sim_lab.sdk/design_1_wrapper_hw_platform_0/design_1_wrapper.bit"
16:43:15 INFO  : 'targets -set -filter {name =~"APU" && jtag_cable_name =~ "Digilent Zybo 210279759725A"} -index 0' command is executed.
16:43:18 INFO  : Hardware design information is loaded from '/home/userfs/m/ms1516/w2k/embs_open2/particle_sim_lab/particle_sim_lab.sdk/design_1_wrapper_hw_platform_0/system.hdf'.
16:43:18 INFO  : 'targets -set -filter {name =~"APU" && jtag_cable_name =~ "Digilent Zybo 210279759725A"} -index 0' command is executed.
16:43:18 INFO  : 'ps7_init' command is executed.
16:43:18 INFO  : 'ps7_post_config' command is executed.
16:43:18 INFO  : Context for processor 'ps7_cortexa9_0' is selected.
16:43:18 INFO  : The application '/home/userfs/m/ms1516/w2k/embs_open2/particle_sim_lab/particle_sim_lab.sdk/particle_sim/Debug/particle_sim.elf' is downloaded to processor 'ps7_cortexa9_0'.
16:43:18 INFO  : ----------------XSDB Script----------------
connect -url tcp:127.0.0.1:3121
source /home/userfs/m/ms1516/w2k/embs_open2/particle_sim_lab/particle_sim_lab.sdk/design_1_wrapper_hw_platform_0/ps7_init.tcl
targets -set -filter {name =~"APU" && jtag_cable_name =~ "Digilent Zybo 210279759725A"} -index 0
rst -system
after 3000
targets -set -filter {jtag_cable_name =~ "Digilent Zybo 210279759725A" && level==0} -index 1
fpga -file /home/userfs/m/ms1516/w2k/embs_open2/particle_sim_lab/particle_sim_lab.sdk/design_1_wrapper_hw_platform_0/design_1_wrapper.bit
targets -set -filter {name =~"APU" && jtag_cable_name =~ "Digilent Zybo 210279759725A"} -index 0
loadhw /home/userfs/m/ms1516/w2k/embs_open2/particle_sim_lab/particle_sim_lab.sdk/design_1_wrapper_hw_platform_0/system.hdf
targets -set -filter {name =~"APU" && jtag_cable_name =~ "Digilent Zybo 210279759725A"} -index 0
ps7_init
ps7_post_config
targets -set -nocase -filter {name =~ "ARM*#0" && jtag_cable_name =~ "Digilent Zybo 210279759725A"} -index 0
dow /home/userfs/m/ms1516/w2k/embs_open2/particle_sim_lab/particle_sim_lab.sdk/particle_sim/Debug/particle_sim.elf
----------------End of Script----------------

16:43:18 INFO  : Memory regions updated for context APU
16:43:19 INFO  : Context for processor 'ps7_cortexa9_0' is selected.
16:43:19 INFO  : 'con' command is executed.
16:43:19 INFO  : ----------------XSDB Script (After Launch)----------------
targets -set -nocase -filter {name =~ "ARM*#0" && jtag_cable_name =~ "Digilent Zybo 210279759725A"} -index 0
con
----------------End of Script----------------

16:43:19 INFO  : Launch script is exported to file '/home/userfs/m/ms1516/w2k/embs_open2/particle_sim_lab/particle_sim_lab.sdk/.sdk/launch_scripts/xilinx_c-c++_application_(system_debugger)/system_debugger_on_local_particle_sim.elf.tcl'
16:47:31 INFO  : Disconnected from the channel tcfchan#8.
16:47:31 INFO  : Connected to target on host '127.0.0.1' and port '3121'.
16:47:31 INFO  : Jtag cable 'Digilent Zybo 210279759725A' is selected.
16:47:31 INFO  : 'jtag frequency' command is executed.
16:47:31 INFO  : Sourcing of '/home/userfs/m/ms1516/w2k/embs_open2/particle_sim_lab/particle_sim_lab.sdk/design_1_wrapper_hw_platform_0/ps7_init.tcl' is done.
16:47:31 INFO  : 'targets -set -filter {name =~"APU" && jtag_cable_name =~ "Digilent Zybo 210279759725A"} -index 0' command is executed.
16:47:31 INFO  : System reset is completed.
16:47:34 INFO  : 'after 3000' command is executed.
16:47:34 INFO  : 'targets -set -filter {jtag_cable_name =~ "Digilent Zybo 210279759725A" && level==0} -index 1' command is executed.
16:47:38 INFO  : FPGA configured successfully with bitstream "/home/userfs/m/ms1516/w2k/embs_open2/particle_sim_lab/particle_sim_lab.sdk/design_1_wrapper_hw_platform_0/design_1_wrapper.bit"
16:47:38 INFO  : 'targets -set -filter {name =~"APU" && jtag_cable_name =~ "Digilent Zybo 210279759725A"} -index 0' command is executed.
16:47:41 INFO  : Hardware design information is loaded from '/home/userfs/m/ms1516/w2k/embs_open2/particle_sim_lab/particle_sim_lab.sdk/design_1_wrapper_hw_platform_0/system.hdf'.
16:47:41 INFO  : 'targets -set -filter {name =~"APU" && jtag_cable_name =~ "Digilent Zybo 210279759725A"} -index 0' command is executed.
16:47:42 INFO  : 'ps7_init' command is executed.
16:47:42 INFO  : 'ps7_post_config' command is executed.
16:47:42 INFO  : Context for processor 'ps7_cortexa9_0' is selected.
16:47:42 INFO  : The application '/home/userfs/m/ms1516/w2k/embs_open2/particle_sim_lab/particle_sim_lab.sdk/particle_sim/Debug/particle_sim.elf' is downloaded to processor 'ps7_cortexa9_0'.
16:47:42 INFO  : ----------------XSDB Script----------------
connect -url tcp:127.0.0.1:3121
source /home/userfs/m/ms1516/w2k/embs_open2/particle_sim_lab/particle_sim_lab.sdk/design_1_wrapper_hw_platform_0/ps7_init.tcl
targets -set -filter {name =~"APU" && jtag_cable_name =~ "Digilent Zybo 210279759725A"} -index 0
rst -system
after 3000
targets -set -filter {jtag_cable_name =~ "Digilent Zybo 210279759725A" && level==0} -index 1
fpga -file /home/userfs/m/ms1516/w2k/embs_open2/particle_sim_lab/particle_sim_lab.sdk/design_1_wrapper_hw_platform_0/design_1_wrapper.bit
targets -set -filter {name =~"APU" && jtag_cable_name =~ "Digilent Zybo 210279759725A"} -index 0
loadhw /home/userfs/m/ms1516/w2k/embs_open2/particle_sim_lab/particle_sim_lab.sdk/design_1_wrapper_hw_platform_0/system.hdf
targets -set -filter {name =~"APU" && jtag_cable_name =~ "Digilent Zybo 210279759725A"} -index 0
ps7_init
ps7_post_config
targets -set -nocase -filter {name =~ "ARM*#0" && jtag_cable_name =~ "Digilent Zybo 210279759725A"} -index 0
dow /home/userfs/m/ms1516/w2k/embs_open2/particle_sim_lab/particle_sim_lab.sdk/particle_sim/Debug/particle_sim.elf
----------------End of Script----------------

16:47:42 INFO  : Memory regions updated for context APU
16:47:42 INFO  : Context for processor 'ps7_cortexa9_0' is selected.
16:47:42 INFO  : 'con' command is executed.
16:47:42 INFO  : ----------------XSDB Script (After Launch)----------------
targets -set -nocase -filter {name =~ "ARM*#0" && jtag_cable_name =~ "Digilent Zybo 210279759725A"} -index 0
con
----------------End of Script----------------

16:47:42 INFO  : Launch script is exported to file '/home/userfs/m/ms1516/w2k/embs_open2/particle_sim_lab/particle_sim_lab.sdk/.sdk/launch_scripts/xilinx_c-c++_application_(system_debugger)/system_debugger_on_local_particle_sim.elf.tcl'
16:55:29 INFO  : Disconnected from the channel tcfchan#9.
16:55:30 INFO  : Connected to target on host '127.0.0.1' and port '3121'.
16:55:30 INFO  : Jtag cable 'Digilent Zybo 210279759725A' is selected.
16:55:30 INFO  : 'jtag frequency' command is executed.
16:55:30 INFO  : Sourcing of '/home/userfs/m/ms1516/w2k/embs_open2/particle_sim_lab/particle_sim_lab.sdk/design_1_wrapper_hw_platform_0/ps7_init.tcl' is done.
16:55:30 INFO  : 'targets -set -filter {name =~"APU" && jtag_cable_name =~ "Digilent Zybo 210279759725A"} -index 0' command is executed.
16:55:30 INFO  : System reset is completed.
16:55:33 INFO  : 'after 3000' command is executed.
16:55:33 INFO  : 'targets -set -filter {jtag_cable_name =~ "Digilent Zybo 210279759725A" && level==0} -index 1' command is executed.
16:55:37 INFO  : FPGA configured successfully with bitstream "/home/userfs/m/ms1516/w2k/embs_open2/particle_sim_lab/particle_sim_lab.sdk/design_1_wrapper_hw_platform_0/design_1_wrapper.bit"
16:55:37 INFO  : 'targets -set -filter {name =~"APU" && jtag_cable_name =~ "Digilent Zybo 210279759725A"} -index 0' command is executed.
16:55:39 INFO  : Hardware design information is loaded from '/home/userfs/m/ms1516/w2k/embs_open2/particle_sim_lab/particle_sim_lab.sdk/design_1_wrapper_hw_platform_0/system.hdf'.
16:55:39 INFO  : 'targets -set -filter {name =~"APU" && jtag_cable_name =~ "Digilent Zybo 210279759725A"} -index 0' command is executed.
16:55:40 INFO  : 'ps7_init' command is executed.
16:55:40 INFO  : 'ps7_post_config' command is executed.
16:55:40 INFO  : Context for processor 'ps7_cortexa9_0' is selected.
16:55:40 INFO  : The application '/home/userfs/m/ms1516/w2k/embs_open2/particle_sim_lab/particle_sim_lab.sdk/particle_sim/Debug/particle_sim.elf' is downloaded to processor 'ps7_cortexa9_0'.
16:55:40 INFO  : ----------------XSDB Script----------------
connect -url tcp:127.0.0.1:3121
source /home/userfs/m/ms1516/w2k/embs_open2/particle_sim_lab/particle_sim_lab.sdk/design_1_wrapper_hw_platform_0/ps7_init.tcl
targets -set -filter {name =~"APU" && jtag_cable_name =~ "Digilent Zybo 210279759725A"} -index 0
rst -system
after 3000
targets -set -filter {jtag_cable_name =~ "Digilent Zybo 210279759725A" && level==0} -index 1
fpga -file /home/userfs/m/ms1516/w2k/embs_open2/particle_sim_lab/particle_sim_lab.sdk/design_1_wrapper_hw_platform_0/design_1_wrapper.bit
targets -set -filter {name =~"APU" && jtag_cable_name =~ "Digilent Zybo 210279759725A"} -index 0
loadhw /home/userfs/m/ms1516/w2k/embs_open2/particle_sim_lab/particle_sim_lab.sdk/design_1_wrapper_hw_platform_0/system.hdf
targets -set -filter {name =~"APU" && jtag_cable_name =~ "Digilent Zybo 210279759725A"} -index 0
ps7_init
ps7_post_config
targets -set -nocase -filter {name =~ "ARM*#0" && jtag_cable_name =~ "Digilent Zybo 210279759725A"} -index 0
dow /home/userfs/m/ms1516/w2k/embs_open2/particle_sim_lab/particle_sim_lab.sdk/particle_sim/Debug/particle_sim.elf
----------------End of Script----------------

16:55:40 INFO  : Memory regions updated for context APU
16:55:40 INFO  : Context for processor 'ps7_cortexa9_0' is selected.
16:55:40 INFO  : 'con' command is executed.
16:55:40 INFO  : ----------------XSDB Script (After Launch)----------------
targets -set -nocase -filter {name =~ "ARM*#0" && jtag_cable_name =~ "Digilent Zybo 210279759725A"} -index 0
con
----------------End of Script----------------

16:55:40 INFO  : Launch script is exported to file '/home/userfs/m/ms1516/w2k/embs_open2/particle_sim_lab/particle_sim_lab.sdk/.sdk/launch_scripts/xilinx_c-c++_application_(system_debugger)/system_debugger_on_local_particle_sim.elf.tcl'
16:58:01 INFO  : Disconnected from the channel tcfchan#10.
16:58:01 INFO  : Connected to target on host '127.0.0.1' and port '3121'.
16:58:01 INFO  : Jtag cable 'Digilent Zybo 210279759725A' is selected.
16:58:01 INFO  : 'jtag frequency' command is executed.
16:58:01 INFO  : Sourcing of '/home/userfs/m/ms1516/w2k/embs_open2/particle_sim_lab/particle_sim_lab.sdk/design_1_wrapper_hw_platform_0/ps7_init.tcl' is done.
16:58:01 INFO  : 'targets -set -filter {name =~"APU" && jtag_cable_name =~ "Digilent Zybo 210279759725A"} -index 0' command is executed.
16:58:01 INFO  : System reset is completed.
16:58:04 INFO  : 'after 3000' command is executed.
16:58:04 INFO  : 'targets -set -filter {jtag_cable_name =~ "Digilent Zybo 210279759725A" && level==0} -index 1' command is executed.
16:58:08 INFO  : FPGA configured successfully with bitstream "/home/userfs/m/ms1516/w2k/embs_open2/particle_sim_lab/particle_sim_lab.sdk/design_1_wrapper_hw_platform_0/design_1_wrapper.bit"
16:58:08 INFO  : 'targets -set -filter {name =~"APU" && jtag_cable_name =~ "Digilent Zybo 210279759725A"} -index 0' command is executed.
16:58:11 INFO  : Hardware design information is loaded from '/home/userfs/m/ms1516/w2k/embs_open2/particle_sim_lab/particle_sim_lab.sdk/design_1_wrapper_hw_platform_0/system.hdf'.
16:58:11 INFO  : 'targets -set -filter {name =~"APU" && jtag_cable_name =~ "Digilent Zybo 210279759725A"} -index 0' command is executed.
16:58:12 INFO  : 'ps7_init' command is executed.
16:58:12 INFO  : 'ps7_post_config' command is executed.
16:58:12 INFO  : Context for processor 'ps7_cortexa9_0' is selected.
16:58:12 INFO  : The application '/home/userfs/m/ms1516/w2k/embs_open2/particle_sim_lab/particle_sim_lab.sdk/particle_sim/Debug/particle_sim.elf' is downloaded to processor 'ps7_cortexa9_0'.
16:58:12 INFO  : ----------------XSDB Script----------------
connect -url tcp:127.0.0.1:3121
source /home/userfs/m/ms1516/w2k/embs_open2/particle_sim_lab/particle_sim_lab.sdk/design_1_wrapper_hw_platform_0/ps7_init.tcl
targets -set -filter {name =~"APU" && jtag_cable_name =~ "Digilent Zybo 210279759725A"} -index 0
rst -system
after 3000
targets -set -filter {jtag_cable_name =~ "Digilent Zybo 210279759725A" && level==0} -index 1
fpga -file /home/userfs/m/ms1516/w2k/embs_open2/particle_sim_lab/particle_sim_lab.sdk/design_1_wrapper_hw_platform_0/design_1_wrapper.bit
targets -set -filter {name =~"APU" && jtag_cable_name =~ "Digilent Zybo 210279759725A"} -index 0
loadhw /home/userfs/m/ms1516/w2k/embs_open2/particle_sim_lab/particle_sim_lab.sdk/design_1_wrapper_hw_platform_0/system.hdf
targets -set -filter {name =~"APU" && jtag_cable_name =~ "Digilent Zybo 210279759725A"} -index 0
ps7_init
ps7_post_config
targets -set -nocase -filter {name =~ "ARM*#0" && jtag_cable_name =~ "Digilent Zybo 210279759725A"} -index 0
dow /home/userfs/m/ms1516/w2k/embs_open2/particle_sim_lab/particle_sim_lab.sdk/particle_sim/Debug/particle_sim.elf
----------------End of Script----------------

16:58:12 INFO  : Memory regions updated for context APU
16:58:12 INFO  : Context for processor 'ps7_cortexa9_0' is selected.
16:58:12 INFO  : 'con' command is executed.
16:58:12 INFO  : ----------------XSDB Script (After Launch)----------------
targets -set -nocase -filter {name =~ "ARM*#0" && jtag_cable_name =~ "Digilent Zybo 210279759725A"} -index 0
con
----------------End of Script----------------

16:58:12 INFO  : Launch script is exported to file '/home/userfs/m/ms1516/w2k/embs_open2/particle_sim_lab/particle_sim_lab.sdk/.sdk/launch_scripts/xilinx_c-c++_application_(system_debugger)/system_debugger_on_local_particle_sim.elf.tcl'
17:04:46 INFO  : Disconnected from the channel tcfchan#11.
17:04:46 INFO  : Connected to target on host '127.0.0.1' and port '3121'.
17:04:46 INFO  : Jtag cable 'Digilent Zybo 210279759725A' is selected.
17:04:46 INFO  : 'jtag frequency' command is executed.
17:04:46 INFO  : Sourcing of '/home/userfs/m/ms1516/w2k/embs_open2/particle_sim_lab/particle_sim_lab.sdk/design_1_wrapper_hw_platform_0/ps7_init.tcl' is done.
17:04:46 INFO  : 'targets -set -filter {name =~"APU" && jtag_cable_name =~ "Digilent Zybo 210279759725A"} -index 0' command is executed.
17:04:47 INFO  : System reset is completed.
17:04:50 INFO  : 'after 3000' command is executed.
17:04:50 INFO  : 'targets -set -filter {jtag_cable_name =~ "Digilent Zybo 210279759725A" && level==0} -index 1' command is executed.
17:04:54 INFO  : FPGA configured successfully with bitstream "/home/userfs/m/ms1516/w2k/embs_open2/particle_sim_lab/particle_sim_lab.sdk/design_1_wrapper_hw_platform_0/design_1_wrapper.bit"
17:04:54 INFO  : 'targets -set -filter {name =~"APU" && jtag_cable_name =~ "Digilent Zybo 210279759725A"} -index 0' command is executed.
17:04:56 INFO  : Hardware design information is loaded from '/home/userfs/m/ms1516/w2k/embs_open2/particle_sim_lab/particle_sim_lab.sdk/design_1_wrapper_hw_platform_0/system.hdf'.
17:04:56 INFO  : 'targets -set -filter {name =~"APU" && jtag_cable_name =~ "Digilent Zybo 210279759725A"} -index 0' command is executed.
17:04:57 INFO  : 'ps7_init' command is executed.
17:04:57 INFO  : 'ps7_post_config' command is executed.
17:04:57 INFO  : Context for processor 'ps7_cortexa9_0' is selected.
17:04:57 INFO  : The application '/home/userfs/m/ms1516/w2k/embs_open2/particle_sim_lab/particle_sim_lab.sdk/particle_sim/Debug/particle_sim.elf' is downloaded to processor 'ps7_cortexa9_0'.
17:04:57 INFO  : ----------------XSDB Script----------------
connect -url tcp:127.0.0.1:3121
source /home/userfs/m/ms1516/w2k/embs_open2/particle_sim_lab/particle_sim_lab.sdk/design_1_wrapper_hw_platform_0/ps7_init.tcl
targets -set -filter {name =~"APU" && jtag_cable_name =~ "Digilent Zybo 210279759725A"} -index 0
rst -system
after 3000
targets -set -filter {jtag_cable_name =~ "Digilent Zybo 210279759725A" && level==0} -index 1
fpga -file /home/userfs/m/ms1516/w2k/embs_open2/particle_sim_lab/particle_sim_lab.sdk/design_1_wrapper_hw_platform_0/design_1_wrapper.bit
targets -set -filter {name =~"APU" && jtag_cable_name =~ "Digilent Zybo 210279759725A"} -index 0
loadhw /home/userfs/m/ms1516/w2k/embs_open2/particle_sim_lab/particle_sim_lab.sdk/design_1_wrapper_hw_platform_0/system.hdf
targets -set -filter {name =~"APU" && jtag_cable_name =~ "Digilent Zybo 210279759725A"} -index 0
ps7_init
ps7_post_config
targets -set -nocase -filter {name =~ "ARM*#0" && jtag_cable_name =~ "Digilent Zybo 210279759725A"} -index 0
dow /home/userfs/m/ms1516/w2k/embs_open2/particle_sim_lab/particle_sim_lab.sdk/particle_sim/Debug/particle_sim.elf
----------------End of Script----------------

17:04:57 INFO  : Memory regions updated for context APU
17:04:57 INFO  : Context for processor 'ps7_cortexa9_0' is selected.
17:04:57 INFO  : 'con' command is executed.
17:04:57 INFO  : ----------------XSDB Script (After Launch)----------------
targets -set -nocase -filter {name =~ "ARM*#0" && jtag_cable_name =~ "Digilent Zybo 210279759725A"} -index 0
con
----------------End of Script----------------

17:04:57 INFO  : Launch script is exported to file '/home/userfs/m/ms1516/w2k/embs_open2/particle_sim_lab/particle_sim_lab.sdk/.sdk/launch_scripts/xilinx_c-c++_application_(system_debugger)/system_debugger_on_local_particle_sim.elf.tcl'
17:05:30 INFO  : Disconnected from the channel tcfchan#12.
17:05:30 INFO  : Connected to target on host '127.0.0.1' and port '3121'.
17:05:31 INFO  : Jtag cable 'Digilent Zybo 210279759725A' is selected.
17:05:31 INFO  : 'jtag frequency' command is executed.
17:05:31 INFO  : Sourcing of '/home/userfs/m/ms1516/w2k/embs_open2/particle_sim_lab/particle_sim_lab.sdk/design_1_wrapper_hw_platform_0/ps7_init.tcl' is done.
17:05:31 INFO  : 'targets -set -filter {name =~"APU" && jtag_cable_name =~ "Digilent Zybo 210279759725A"} -index 0' command is executed.
17:05:31 INFO  : System reset is completed.
17:05:34 INFO  : 'after 3000' command is executed.
17:05:34 INFO  : 'targets -set -filter {jtag_cable_name =~ "Digilent Zybo 210279759725A" && level==0} -index 1' command is executed.
17:05:38 INFO  : FPGA configured successfully with bitstream "/home/userfs/m/ms1516/w2k/embs_open2/particle_sim_lab/particle_sim_lab.sdk/design_1_wrapper_hw_platform_0/design_1_wrapper.bit"
17:05:38 INFO  : 'targets -set -filter {name =~"APU" && jtag_cable_name =~ "Digilent Zybo 210279759725A"} -index 0' command is executed.
17:05:41 INFO  : Hardware design information is loaded from '/home/userfs/m/ms1516/w2k/embs_open2/particle_sim_lab/particle_sim_lab.sdk/design_1_wrapper_hw_platform_0/system.hdf'.
17:05:41 INFO  : 'targets -set -filter {name =~"APU" && jtag_cable_name =~ "Digilent Zybo 210279759725A"} -index 0' command is executed.
17:05:42 INFO  : 'ps7_init' command is executed.
17:05:42 INFO  : 'ps7_post_config' command is executed.
17:05:42 INFO  : Context for processor 'ps7_cortexa9_0' is selected.
17:05:42 INFO  : The application '/home/userfs/m/ms1516/w2k/embs_open2/particle_sim_lab/particle_sim_lab.sdk/particle_sim/Debug/particle_sim.elf' is downloaded to processor 'ps7_cortexa9_0'.
17:05:42 INFO  : ----------------XSDB Script----------------
connect -url tcp:127.0.0.1:3121
source /home/userfs/m/ms1516/w2k/embs_open2/particle_sim_lab/particle_sim_lab.sdk/design_1_wrapper_hw_platform_0/ps7_init.tcl
targets -set -filter {name =~"APU" && jtag_cable_name =~ "Digilent Zybo 210279759725A"} -index 0
rst -system
after 3000
targets -set -filter {jtag_cable_name =~ "Digilent Zybo 210279759725A" && level==0} -index 1
fpga -file /home/userfs/m/ms1516/w2k/embs_open2/particle_sim_lab/particle_sim_lab.sdk/design_1_wrapper_hw_platform_0/design_1_wrapper.bit
targets -set -filter {name =~"APU" && jtag_cable_name =~ "Digilent Zybo 210279759725A"} -index 0
loadhw /home/userfs/m/ms1516/w2k/embs_open2/particle_sim_lab/particle_sim_lab.sdk/design_1_wrapper_hw_platform_0/system.hdf
targets -set -filter {name =~"APU" && jtag_cable_name =~ "Digilent Zybo 210279759725A"} -index 0
ps7_init
ps7_post_config
targets -set -nocase -filter {name =~ "ARM*#0" && jtag_cable_name =~ "Digilent Zybo 210279759725A"} -index 0
dow /home/userfs/m/ms1516/w2k/embs_open2/particle_sim_lab/particle_sim_lab.sdk/particle_sim/Debug/particle_sim.elf
----------------End of Script----------------

17:05:42 INFO  : Memory regions updated for context APU
17:05:42 INFO  : Context for processor 'ps7_cortexa9_0' is selected.
17:05:42 INFO  : 'con' command is executed.
17:05:42 INFO  : ----------------XSDB Script (After Launch)----------------
targets -set -nocase -filter {name =~ "ARM*#0" && jtag_cable_name =~ "Digilent Zybo 210279759725A"} -index 0
con
----------------End of Script----------------

17:05:42 INFO  : Launch script is exported to file '/home/userfs/m/ms1516/w2k/embs_open2/particle_sim_lab/particle_sim_lab.sdk/.sdk/launch_scripts/xilinx_c-c++_application_(system_debugger)/system_debugger_on_local_particle_sim.elf.tcl'
17:11:49 INFO  : Disconnected from the channel tcfchan#13.
17:11:49 INFO  : Connected to target on host '127.0.0.1' and port '3121'.
17:11:49 INFO  : Jtag cable 'Digilent Zybo 210279759725A' is selected.
17:11:49 INFO  : 'jtag frequency' command is executed.
17:11:49 INFO  : Sourcing of '/home/userfs/m/ms1516/w2k/embs_open2/particle_sim_lab/particle_sim_lab.sdk/design_1_wrapper_hw_platform_0/ps7_init.tcl' is done.
17:11:49 INFO  : 'targets -set -filter {name =~"APU" && jtag_cable_name =~ "Digilent Zybo 210279759725A"} -index 0' command is executed.
17:11:50 INFO  : System reset is completed.
17:11:53 INFO  : 'after 3000' command is executed.
17:11:53 INFO  : 'targets -set -filter {jtag_cable_name =~ "Digilent Zybo 210279759725A" && level==0} -index 1' command is executed.
17:11:56 INFO  : FPGA configured successfully with bitstream "/home/userfs/m/ms1516/w2k/embs_open2/particle_sim_lab/particle_sim_lab.sdk/design_1_wrapper_hw_platform_0/design_1_wrapper.bit"
17:11:56 INFO  : 'targets -set -filter {name =~"APU" && jtag_cable_name =~ "Digilent Zybo 210279759725A"} -index 0' command is executed.
17:11:59 INFO  : Hardware design information is loaded from '/home/userfs/m/ms1516/w2k/embs_open2/particle_sim_lab/particle_sim_lab.sdk/design_1_wrapper_hw_platform_0/system.hdf'.
17:11:59 INFO  : 'targets -set -filter {name =~"APU" && jtag_cable_name =~ "Digilent Zybo 210279759725A"} -index 0' command is executed.
17:12:00 INFO  : 'ps7_init' command is executed.
17:12:00 INFO  : 'ps7_post_config' command is executed.
17:12:00 INFO  : ----------------XSDB Script----------------
connect -url tcp:127.0.0.1:3121
source /home/userfs/m/ms1516/w2k/embs_open2/particle_sim_lab/particle_sim_lab.sdk/design_1_wrapper_hw_platform_0/ps7_init.tcl
targets -set -filter {name =~"APU" && jtag_cable_name =~ "Digilent Zybo 210279759725A"} -index 0
rst -system
after 3000
targets -set -filter {jtag_cable_name =~ "Digilent Zybo 210279759725A" && level==0} -index 1
fpga -file /home/userfs/m/ms1516/w2k/embs_open2/particle_sim_lab/particle_sim_lab.sdk/design_1_wrapper_hw_platform_0/design_1_wrapper.bit
targets -set -filter {name =~"APU" && jtag_cable_name =~ "Digilent Zybo 210279759725A"} -index 0
loadhw /home/userfs/m/ms1516/w2k/embs_open2/particle_sim_lab/particle_sim_lab.sdk/design_1_wrapper_hw_platform_0/system.hdf
targets -set -filter {name =~"APU" && jtag_cable_name =~ "Digilent Zybo 210279759725A"} -index 0
ps7_init
ps7_post_config
----------------End of Script----------------

17:12:00 INFO  : Memory regions updated for context APU
17:12:00 INFO  : Launch script is exported to file '/home/userfs/m/ms1516/w2k/embs_open2/particle_sim_lab/particle_sim_lab.sdk/.sdk/launch_scripts/xilinx_c-c++_application_(system_debugger)/system_debugger_on_local_particle_sim.elf.tcl'
17:12:25 INFO  : Disconnected from the channel tcfchan#14.
17:12:25 INFO  : Connected to target on host '127.0.0.1' and port '3121'.
17:12:25 INFO  : Jtag cable 'Digilent Zybo 210279759725A' is selected.
17:12:25 INFO  : 'jtag frequency' command is executed.
17:12:25 INFO  : Sourcing of '/home/userfs/m/ms1516/w2k/embs_open2/particle_sim_lab/particle_sim_lab.sdk/design_1_wrapper_hw_platform_0/ps7_init.tcl' is done.
17:12:25 INFO  : 'targets -set -filter {name =~"APU" && jtag_cable_name =~ "Digilent Zybo 210279759725A"} -index 0' command is executed.
17:12:25 INFO  : System reset is completed.
17:12:28 INFO  : 'after 3000' command is executed.
17:12:28 INFO  : 'targets -set -filter {jtag_cable_name =~ "Digilent Zybo 210279759725A" && level==0} -index 1' command is executed.
17:12:32 INFO  : FPGA configured successfully with bitstream "/home/userfs/m/ms1516/w2k/embs_open2/particle_sim_lab/particle_sim_lab.sdk/design_1_wrapper_hw_platform_0/design_1_wrapper.bit"
17:12:32 INFO  : 'targets -set -filter {name =~"APU" && jtag_cable_name =~ "Digilent Zybo 210279759725A"} -index 0' command is executed.
17:12:35 INFO  : Hardware design information is loaded from '/home/userfs/m/ms1516/w2k/embs_open2/particle_sim_lab/particle_sim_lab.sdk/design_1_wrapper_hw_platform_0/system.hdf'.
17:12:35 INFO  : 'targets -set -filter {name =~"APU" && jtag_cable_name =~ "Digilent Zybo 210279759725A"} -index 0' command is executed.
17:12:36 INFO  : 'ps7_init' command is executed.
17:12:36 INFO  : 'ps7_post_config' command is executed.
17:12:36 INFO  : Context for processor 'ps7_cortexa9_0' is selected.
17:12:36 INFO  : The application '/home/userfs/m/ms1516/w2k/embs_open2/particle_sim_lab/particle_sim_lab.sdk/particle_sim/Debug/particle_sim.elf' is downloaded to processor 'ps7_cortexa9_0'.
17:12:36 INFO  : ----------------XSDB Script----------------
connect -url tcp:127.0.0.1:3121
source /home/userfs/m/ms1516/w2k/embs_open2/particle_sim_lab/particle_sim_lab.sdk/design_1_wrapper_hw_platform_0/ps7_init.tcl
targets -set -filter {name =~"APU" && jtag_cable_name =~ "Digilent Zybo 210279759725A"} -index 0
rst -system
after 3000
targets -set -filter {jtag_cable_name =~ "Digilent Zybo 210279759725A" && level==0} -index 1
fpga -file /home/userfs/m/ms1516/w2k/embs_open2/particle_sim_lab/particle_sim_lab.sdk/design_1_wrapper_hw_platform_0/design_1_wrapper.bit
targets -set -filter {name =~"APU" && jtag_cable_name =~ "Digilent Zybo 210279759725A"} -index 0
loadhw /home/userfs/m/ms1516/w2k/embs_open2/particle_sim_lab/particle_sim_lab.sdk/design_1_wrapper_hw_platform_0/system.hdf
targets -set -filter {name =~"APU" && jtag_cable_name =~ "Digilent Zybo 210279759725A"} -index 0
ps7_init
ps7_post_config
targets -set -nocase -filter {name =~ "ARM*#0" && jtag_cable_name =~ "Digilent Zybo 210279759725A"} -index 0
dow /home/userfs/m/ms1516/w2k/embs_open2/particle_sim_lab/particle_sim_lab.sdk/particle_sim/Debug/particle_sim.elf
----------------End of Script----------------

17:12:36 INFO  : Memory regions updated for context APU
17:12:36 INFO  : Context for processor 'ps7_cortexa9_0' is selected.
17:12:36 INFO  : 'con' command is executed.
17:12:36 INFO  : ----------------XSDB Script (After Launch)----------------
targets -set -nocase -filter {name =~ "ARM*#0" && jtag_cable_name =~ "Digilent Zybo 210279759725A"} -index 0
con
----------------End of Script----------------

17:12:36 INFO  : Launch script is exported to file '/home/userfs/m/ms1516/w2k/embs_open2/particle_sim_lab/particle_sim_lab.sdk/.sdk/launch_scripts/xilinx_c-c++_application_(system_debugger)/system_debugger_on_local_particle_sim.elf.tcl'
17:14:16 INFO  : Disconnected from the channel tcfchan#15.
17:14:16 INFO  : Connected to target on host '127.0.0.1' and port '3121'.
17:14:16 INFO  : Jtag cable 'Digilent Zybo 210279759725A' is selected.
17:14:16 INFO  : 'jtag frequency' command is executed.
17:14:16 INFO  : Sourcing of '/home/userfs/m/ms1516/w2k/embs_open2/particle_sim_lab/particle_sim_lab.sdk/design_1_wrapper_hw_platform_0/ps7_init.tcl' is done.
17:14:16 INFO  : 'targets -set -filter {name =~"APU" && jtag_cable_name =~ "Digilent Zybo 210279759725A"} -index 0' command is executed.
17:14:17 INFO  : System reset is completed.
17:14:20 INFO  : 'after 3000' command is executed.
17:14:20 INFO  : 'targets -set -filter {jtag_cable_name =~ "Digilent Zybo 210279759725A" && level==0} -index 1' command is executed.
17:14:23 INFO  : FPGA configured successfully with bitstream "/home/userfs/m/ms1516/w2k/embs_open2/particle_sim_lab/particle_sim_lab.sdk/design_1_wrapper_hw_platform_0/design_1_wrapper.bit"
17:14:23 INFO  : 'targets -set -filter {name =~"APU" && jtag_cable_name =~ "Digilent Zybo 210279759725A"} -index 0' command is executed.
17:14:26 INFO  : Hardware design information is loaded from '/home/userfs/m/ms1516/w2k/embs_open2/particle_sim_lab/particle_sim_lab.sdk/design_1_wrapper_hw_platform_0/system.hdf'.
17:14:26 INFO  : 'targets -set -filter {name =~"APU" && jtag_cable_name =~ "Digilent Zybo 210279759725A"} -index 0' command is executed.
17:14:27 INFO  : 'ps7_init' command is executed.
17:14:27 INFO  : 'ps7_post_config' command is executed.
17:14:27 INFO  : Context for processor 'ps7_cortexa9_0' is selected.
17:14:27 INFO  : The application '/home/userfs/m/ms1516/w2k/embs_open2/particle_sim_lab/particle_sim_lab.sdk/particle_sim/Debug/particle_sim.elf' is downloaded to processor 'ps7_cortexa9_0'.
17:14:27 INFO  : ----------------XSDB Script----------------
connect -url tcp:127.0.0.1:3121
source /home/userfs/m/ms1516/w2k/embs_open2/particle_sim_lab/particle_sim_lab.sdk/design_1_wrapper_hw_platform_0/ps7_init.tcl
targets -set -filter {name =~"APU" && jtag_cable_name =~ "Digilent Zybo 210279759725A"} -index 0
rst -system
after 3000
targets -set -filter {jtag_cable_name =~ "Digilent Zybo 210279759725A" && level==0} -index 1
fpga -file /home/userfs/m/ms1516/w2k/embs_open2/particle_sim_lab/particle_sim_lab.sdk/design_1_wrapper_hw_platform_0/design_1_wrapper.bit
targets -set -filter {name =~"APU" && jtag_cable_name =~ "Digilent Zybo 210279759725A"} -index 0
loadhw /home/userfs/m/ms1516/w2k/embs_open2/particle_sim_lab/particle_sim_lab.sdk/design_1_wrapper_hw_platform_0/system.hdf
targets -set -filter {name =~"APU" && jtag_cable_name =~ "Digilent Zybo 210279759725A"} -index 0
ps7_init
ps7_post_config
targets -set -nocase -filter {name =~ "ARM*#0" && jtag_cable_name =~ "Digilent Zybo 210279759725A"} -index 0
dow /home/userfs/m/ms1516/w2k/embs_open2/particle_sim_lab/particle_sim_lab.sdk/particle_sim/Debug/particle_sim.elf
----------------End of Script----------------

17:14:27 INFO  : Memory regions updated for context APU
17:14:27 INFO  : Context for processor 'ps7_cortexa9_0' is selected.
17:14:27 INFO  : 'con' command is executed.
17:14:27 INFO  : ----------------XSDB Script (After Launch)----------------
targets -set -nocase -filter {name =~ "ARM*#0" && jtag_cable_name =~ "Digilent Zybo 210279759725A"} -index 0
con
----------------End of Script----------------

17:14:27 INFO  : Launch script is exported to file '/home/userfs/m/ms1516/w2k/embs_open2/particle_sim_lab/particle_sim_lab.sdk/.sdk/launch_scripts/xilinx_c-c++_application_(system_debugger)/system_debugger_on_local_particle_sim.elf.tcl'
17:15:29 INFO  : Disconnected from the channel tcfchan#16.
17:15:29 INFO  : Connected to target on host '127.0.0.1' and port '3121'.
17:15:29 INFO  : Jtag cable 'Digilent Zybo 210279759725A' is selected.
17:15:29 INFO  : 'jtag frequency' command is executed.
17:15:29 INFO  : Sourcing of '/home/userfs/m/ms1516/w2k/embs_open2/particle_sim_lab/particle_sim_lab.sdk/design_1_wrapper_hw_platform_0/ps7_init.tcl' is done.
17:15:29 INFO  : 'targets -set -filter {name =~"APU" && jtag_cable_name =~ "Digilent Zybo 210279759725A"} -index 0' command is executed.
17:15:29 INFO  : System reset is completed.
17:15:32 INFO  : 'after 3000' command is executed.
17:15:32 INFO  : 'targets -set -filter {jtag_cable_name =~ "Digilent Zybo 210279759725A" && level==0} -index 1' command is executed.
17:15:35 INFO  : FPGA configured successfully with bitstream "/home/userfs/m/ms1516/w2k/embs_open2/particle_sim_lab/particle_sim_lab.sdk/design_1_wrapper_hw_platform_0/design_1_wrapper.bit"
17:15:35 INFO  : 'targets -set -filter {name =~"APU" && jtag_cable_name =~ "Digilent Zybo 210279759725A"} -index 0' command is executed.
17:15:38 INFO  : Hardware design information is loaded from '/home/userfs/m/ms1516/w2k/embs_open2/particle_sim_lab/particle_sim_lab.sdk/design_1_wrapper_hw_platform_0/system.hdf'.
17:15:38 INFO  : 'targets -set -filter {name =~"APU" && jtag_cable_name =~ "Digilent Zybo 210279759725A"} -index 0' command is executed.
17:15:39 INFO  : 'ps7_init' command is executed.
17:15:39 INFO  : 'ps7_post_config' command is executed.
17:15:39 INFO  : Context for processor 'ps7_cortexa9_0' is selected.
17:15:39 INFO  : The application '/home/userfs/m/ms1516/w2k/embs_open2/particle_sim_lab/particle_sim_lab.sdk/particle_sim/Debug/particle_sim.elf' is downloaded to processor 'ps7_cortexa9_0'.
17:15:39 INFO  : ----------------XSDB Script----------------
connect -url tcp:127.0.0.1:3121
source /home/userfs/m/ms1516/w2k/embs_open2/particle_sim_lab/particle_sim_lab.sdk/design_1_wrapper_hw_platform_0/ps7_init.tcl
targets -set -filter {name =~"APU" && jtag_cable_name =~ "Digilent Zybo 210279759725A"} -index 0
rst -system
after 3000
targets -set -filter {jtag_cable_name =~ "Digilent Zybo 210279759725A" && level==0} -index 1
fpga -file /home/userfs/m/ms1516/w2k/embs_open2/particle_sim_lab/particle_sim_lab.sdk/design_1_wrapper_hw_platform_0/design_1_wrapper.bit
targets -set -filter {name =~"APU" && jtag_cable_name =~ "Digilent Zybo 210279759725A"} -index 0
loadhw /home/userfs/m/ms1516/w2k/embs_open2/particle_sim_lab/particle_sim_lab.sdk/design_1_wrapper_hw_platform_0/system.hdf
targets -set -filter {name =~"APU" && jtag_cable_name =~ "Digilent Zybo 210279759725A"} -index 0
ps7_init
ps7_post_config
targets -set -nocase -filter {name =~ "ARM*#0" && jtag_cable_name =~ "Digilent Zybo 210279759725A"} -index 0
dow /home/userfs/m/ms1516/w2k/embs_open2/particle_sim_lab/particle_sim_lab.sdk/particle_sim/Debug/particle_sim.elf
----------------End of Script----------------

17:15:39 INFO  : Memory regions updated for context APU
17:15:39 INFO  : Context for processor 'ps7_cortexa9_0' is selected.
17:15:39 INFO  : 'con' command is executed.
17:15:39 INFO  : ----------------XSDB Script (After Launch)----------------
targets -set -nocase -filter {name =~ "ARM*#0" && jtag_cable_name =~ "Digilent Zybo 210279759725A"} -index 0
con
----------------End of Script----------------

17:15:39 INFO  : Launch script is exported to file '/home/userfs/m/ms1516/w2k/embs_open2/particle_sim_lab/particle_sim_lab.sdk/.sdk/launch_scripts/xilinx_c-c++_application_(system_debugger)/system_debugger_on_local_particle_sim.elf.tcl'
17:21:34 INFO  : Disconnected from the channel tcfchan#17.
17:21:34 INFO  : Connected to target on host '127.0.0.1' and port '3121'.
17:21:34 INFO  : Jtag cable 'Digilent Zybo 210279759725A' is selected.
17:21:34 INFO  : 'jtag frequency' command is executed.
17:21:34 INFO  : Sourcing of '/home/userfs/m/ms1516/w2k/embs_open2/particle_sim_lab/particle_sim_lab.sdk/design_1_wrapper_hw_platform_0/ps7_init.tcl' is done.
17:21:34 INFO  : 'targets -set -filter {name =~"APU" && jtag_cable_name =~ "Digilent Zybo 210279759725A"} -index 0' command is executed.
17:21:34 INFO  : System reset is completed.
17:21:37 INFO  : 'after 3000' command is executed.
17:21:37 INFO  : 'targets -set -filter {jtag_cable_name =~ "Digilent Zybo 210279759725A" && level==0} -index 1' command is executed.
17:21:41 INFO  : FPGA configured successfully with bitstream "/home/userfs/m/ms1516/w2k/embs_open2/particle_sim_lab/particle_sim_lab.sdk/design_1_wrapper_hw_platform_0/design_1_wrapper.bit"
17:21:41 INFO  : 'targets -set -filter {name =~"APU" && jtag_cable_name =~ "Digilent Zybo 210279759725A"} -index 0' command is executed.
17:21:44 INFO  : Hardware design information is loaded from '/home/userfs/m/ms1516/w2k/embs_open2/particle_sim_lab/particle_sim_lab.sdk/design_1_wrapper_hw_platform_0/system.hdf'.
17:21:44 INFO  : 'targets -set -filter {name =~"APU" && jtag_cable_name =~ "Digilent Zybo 210279759725A"} -index 0' command is executed.
17:21:45 INFO  : 'ps7_init' command is executed.
17:21:45 INFO  : 'ps7_post_config' command is executed.
17:21:45 INFO  : Context for processor 'ps7_cortexa9_0' is selected.
17:21:45 INFO  : The application '/home/userfs/m/ms1516/w2k/embs_open2/particle_sim_lab/particle_sim_lab.sdk/particle_sim/Debug/particle_sim.elf' is downloaded to processor 'ps7_cortexa9_0'.
17:21:45 INFO  : ----------------XSDB Script----------------
connect -url tcp:127.0.0.1:3121
source /home/userfs/m/ms1516/w2k/embs_open2/particle_sim_lab/particle_sim_lab.sdk/design_1_wrapper_hw_platform_0/ps7_init.tcl
targets -set -filter {name =~"APU" && jtag_cable_name =~ "Digilent Zybo 210279759725A"} -index 0
rst -system
after 3000
targets -set -filter {jtag_cable_name =~ "Digilent Zybo 210279759725A" && level==0} -index 1
fpga -file /home/userfs/m/ms1516/w2k/embs_open2/particle_sim_lab/particle_sim_lab.sdk/design_1_wrapper_hw_platform_0/design_1_wrapper.bit
targets -set -filter {name =~"APU" && jtag_cable_name =~ "Digilent Zybo 210279759725A"} -index 0
loadhw /home/userfs/m/ms1516/w2k/embs_open2/particle_sim_lab/particle_sim_lab.sdk/design_1_wrapper_hw_platform_0/system.hdf
targets -set -filter {name =~"APU" && jtag_cable_name =~ "Digilent Zybo 210279759725A"} -index 0
ps7_init
ps7_post_config
targets -set -nocase -filter {name =~ "ARM*#0" && jtag_cable_name =~ "Digilent Zybo 210279759725A"} -index 0
dow /home/userfs/m/ms1516/w2k/embs_open2/particle_sim_lab/particle_sim_lab.sdk/particle_sim/Debug/particle_sim.elf
----------------End of Script----------------

17:21:45 INFO  : Memory regions updated for context APU
17:21:45 INFO  : Context for processor 'ps7_cortexa9_0' is selected.
17:21:45 INFO  : 'con' command is executed.
17:21:45 INFO  : ----------------XSDB Script (After Launch)----------------
targets -set -nocase -filter {name =~ "ARM*#0" && jtag_cable_name =~ "Digilent Zybo 210279759725A"} -index 0
con
----------------End of Script----------------

17:21:45 INFO  : Launch script is exported to file '/home/userfs/m/ms1516/w2k/embs_open2/particle_sim_lab/particle_sim_lab.sdk/.sdk/launch_scripts/xilinx_c-c++_application_(system_debugger)/system_debugger_on_local_particle_sim.elf.tcl'
17:27:34 INFO  : Disconnected from the channel tcfchan#18.
17:27:34 INFO  : Connected to target on host '127.0.0.1' and port '3121'.
17:27:34 INFO  : Jtag cable 'Digilent Zybo 210279759725A' is selected.
17:27:34 INFO  : 'jtag frequency' command is executed.
17:27:34 INFO  : Sourcing of '/home/userfs/m/ms1516/w2k/embs_open2/particle_sim_lab/particle_sim_lab.sdk/design_1_wrapper_hw_platform_0/ps7_init.tcl' is done.
17:27:34 INFO  : 'targets -set -filter {name =~"APU" && jtag_cable_name =~ "Digilent Zybo 210279759725A"} -index 0' command is executed.
17:27:34 INFO  : System reset is completed.
17:27:37 INFO  : 'after 3000' command is executed.
17:27:38 INFO  : 'targets -set -filter {jtag_cable_name =~ "Digilent Zybo 210279759725A" && level==0} -index 1' command is executed.
17:27:41 INFO  : FPGA configured successfully with bitstream "/home/userfs/m/ms1516/w2k/embs_open2/particle_sim_lab/particle_sim_lab.sdk/design_1_wrapper_hw_platform_0/design_1_wrapper.bit"
17:27:41 INFO  : 'targets -set -filter {name =~"APU" && jtag_cable_name =~ "Digilent Zybo 210279759725A"} -index 0' command is executed.
17:27:44 INFO  : Hardware design information is loaded from '/home/userfs/m/ms1516/w2k/embs_open2/particle_sim_lab/particle_sim_lab.sdk/design_1_wrapper_hw_platform_0/system.hdf'.
17:27:44 INFO  : 'targets -set -filter {name =~"APU" && jtag_cable_name =~ "Digilent Zybo 210279759725A"} -index 0' command is executed.
17:27:44 INFO  : 'ps7_init' command is executed.
17:27:44 INFO  : 'ps7_post_config' command is executed.
17:27:45 INFO  : Context for processor 'ps7_cortexa9_0' is selected.
17:27:45 INFO  : The application '/home/userfs/m/ms1516/w2k/embs_open2/particle_sim_lab/particle_sim_lab.sdk/particle_sim/Debug/particle_sim.elf' is downloaded to processor 'ps7_cortexa9_0'.
17:27:45 INFO  : ----------------XSDB Script----------------
connect -url tcp:127.0.0.1:3121
source /home/userfs/m/ms1516/w2k/embs_open2/particle_sim_lab/particle_sim_lab.sdk/design_1_wrapper_hw_platform_0/ps7_init.tcl
targets -set -filter {name =~"APU" && jtag_cable_name =~ "Digilent Zybo 210279759725A"} -index 0
rst -system
after 3000
targets -set -filter {jtag_cable_name =~ "Digilent Zybo 210279759725A" && level==0} -index 1
fpga -file /home/userfs/m/ms1516/w2k/embs_open2/particle_sim_lab/particle_sim_lab.sdk/design_1_wrapper_hw_platform_0/design_1_wrapper.bit
targets -set -filter {name =~"APU" && jtag_cable_name =~ "Digilent Zybo 210279759725A"} -index 0
loadhw /home/userfs/m/ms1516/w2k/embs_open2/particle_sim_lab/particle_sim_lab.sdk/design_1_wrapper_hw_platform_0/system.hdf
targets -set -filter {name =~"APU" && jtag_cable_name =~ "Digilent Zybo 210279759725A"} -index 0
ps7_init
ps7_post_config
targets -set -nocase -filter {name =~ "ARM*#0" && jtag_cable_name =~ "Digilent Zybo 210279759725A"} -index 0
dow /home/userfs/m/ms1516/w2k/embs_open2/particle_sim_lab/particle_sim_lab.sdk/particle_sim/Debug/particle_sim.elf
----------------End of Script----------------

17:27:45 INFO  : Memory regions updated for context APU
17:27:45 INFO  : Context for processor 'ps7_cortexa9_0' is selected.
17:27:45 INFO  : 'con' command is executed.
17:27:45 INFO  : ----------------XSDB Script (After Launch)----------------
targets -set -nocase -filter {name =~ "ARM*#0" && jtag_cable_name =~ "Digilent Zybo 210279759725A"} -index 0
con
----------------End of Script----------------

17:27:45 INFO  : Launch script is exported to file '/home/userfs/m/ms1516/w2k/embs_open2/particle_sim_lab/particle_sim_lab.sdk/.sdk/launch_scripts/xilinx_c-c++_application_(system_debugger)/system_debugger_on_local_particle_sim.elf.tcl'
17:28:16 INFO  : Disconnected from the channel tcfchan#19.
22:52:06 INFO  : Launching XSDB server: xsdb.bat -interactive C:\Users\Matthew\Desktop\embs_open2\particle_sim_lab\particle_sim_lab.sdk\temp_xsdb_launch_script.tcl
22:52:12 INFO  : XSDB server has started successfully.
22:52:15 INFO  : Processing command line option -hwspec C:/Users/Matthew/Desktop/embs_open2/particle_sim_lab/particle_sim_lab.sdk/design_1_wrapper.hdf.
23:00:00 INFO  : Connected to target on host '127.0.0.1' and port '3121'.
23:00:03 INFO  : ----------------XSDB Script----------------
connect -url tcp:127.0.0.1:3121
----------------End of Script----------------

23:31:51 INFO  : Launching XSDB server: xsdb.bat -interactive C:\Users\Matthew\Desktop\embs_open2\particle_sim_lab\particle_sim_lab.sdk\temp_xsdb_launch_script.tcl
23:31:53 INFO  : XSDB server has started successfully.
23:31:53 INFO  : Processing command line option -hwspec C:/Users/Matthew/Desktop/embs_open2/particle_sim_lab/particle_sim_lab.sdk/design_1_wrapper.hdf.
01:55:47 INFO  : Attempting to launch Hardware server...
01:55:48 INFO  : Hardware server is launched successfully.
01:59:54 INFO  : Connected to target on host 'localhost' and port '12345'.
01:59:55 INFO  : Connected to target on host 'localhost' and port '12345'.
02:03:44 ERROR : Unexpected error while launching program.
java.lang.IllegalArgumentException: Path for project must have only one segment.
	at org.eclipse.core.runtime.Assert.isLegal(Assert.java:63)
	at org.eclipse.core.internal.resources.WorkspaceRoot.getProject(WorkspaceRoot.java:147)
	at org.eclipse.cdt.debug.core.CDebugUtils.verifyCProject(CDebugUtils.java:618)
	at org.eclipse.cdt.debug.core.CDebugUtils.verifyProgramPath(CDebugUtils.java:655)
	at org.eclipse.cdt.debug.core.CDebugUtils.verifyProgramPath(CDebugUtils.java:707)
	at com.xilinx.sdk.debug.core.XilinxAppLaunchConfigurationDelegate.runApplication(XilinxAppLaunchConfigurationDelegate.java:578)
	at com.xilinx.sdk.debug.core.XilinxAppLaunchConfigurationDelegate.launch(XilinxAppLaunchConfigurationDelegate.java:309)
	at com.xilinx.sdk.debug.ui.XilinxAppLaunchDelegateWrapper.launch(XilinxAppLaunchDelegateWrapper.java:31)
	at org.eclipse.debug.internal.core.LaunchConfiguration.launch(LaunchConfiguration.java:885)
	at org.eclipse.debug.internal.core.LaunchConfiguration.launch(LaunchConfiguration.java:739)
	at org.eclipse.debug.internal.ui.DebugUIPlugin.buildAndLaunch(DebugUIPlugin.java:1039)
	at org.eclipse.debug.internal.ui.DebugUIPlugin$8.run(DebugUIPlugin.java:1256)
	at org.eclipse.core.internal.jobs.Worker.run(Worker.java:55)
02:04:21 ERROR : Unexpected error while launching program.
java.lang.IllegalArgumentException: Path for project must have only one segment.
	at org.eclipse.core.runtime.Assert.isLegal(Assert.java:63)
	at org.eclipse.core.internal.resources.WorkspaceRoot.getProject(WorkspaceRoot.java:147)
	at org.eclipse.cdt.debug.core.CDebugUtils.verifyCProject(CDebugUtils.java:618)
	at org.eclipse.cdt.debug.core.CDebugUtils.verifyProgramPath(CDebugUtils.java:655)
	at org.eclipse.cdt.debug.core.CDebugUtils.verifyProgramPath(CDebugUtils.java:707)
	at com.xilinx.sdk.debug.core.XilinxAppLaunchConfigurationDelegate.runApplication(XilinxAppLaunchConfigurationDelegate.java:578)
	at com.xilinx.sdk.debug.core.XilinxAppLaunchConfigurationDelegate.launch(XilinxAppLaunchConfigurationDelegate.java:309)
	at com.xilinx.sdk.debug.ui.XilinxAppLaunchDelegateWrapper.launch(XilinxAppLaunchDelegateWrapper.java:31)
	at org.eclipse.debug.internal.core.LaunchConfiguration.launch(LaunchConfiguration.java:885)
	at org.eclipse.debug.internal.core.LaunchConfiguration.launch(LaunchConfiguration.java:739)
	at org.eclipse.debug.internal.ui.DebugUIPlugin.buildAndLaunch(DebugUIPlugin.java:1039)
	at org.eclipse.debug.internal.ui.DebugUIPlugin$8.run(DebugUIPlugin.java:1256)
	at org.eclipse.core.internal.jobs.Worker.run(Worker.java:55)
02:05:30 INFO  : System reset is completed.
02:05:31 ERROR : Unexpected error while launching program.
java.lang.RuntimeException: Failed to download ELF file


    Cannot access DDR: the controller is held in reset

	at com.xilinx.sdk.targetmanager.internal.TM.downloadELF(TM.java:686)
	at com.xilinx.sdk.debug.core.internal.AppRunner.run(AppRunner.java:129)
	at com.xilinx.sdk.debug.core.XilinxAppLaunchConfigurationDelegate.runApplication(XilinxAppLaunchConfigurationDelegate.java:637)
	at com.xilinx.sdk.debug.core.XilinxAppLaunchConfigurationDelegate.launch(XilinxAppLaunchConfigurationDelegate.java:309)
	at com.xilinx.sdk.debug.ui.XilinxAppLaunchDelegateWrapper.launch(XilinxAppLaunchDelegateWrapper.java:31)
	at org.eclipse.debug.internal.core.LaunchConfiguration.launch(LaunchConfiguration.java:885)
	at org.eclipse.debug.internal.core.LaunchConfiguration.launch(LaunchConfiguration.java:739)
	at org.eclipse.debug.internal.ui.DebugUIPlugin.buildAndLaunch(DebugUIPlugin.java:1039)
	at org.eclipse.debug.internal.ui.DebugUIPlugin$8.run(DebugUIPlugin.java:1256)
	at org.eclipse.core.internal.jobs.Worker.run(Worker.java:55)
02:07:03 ERROR : Unexpected error while parsing XMD response ?: com.google.gson.JsonSyntaxException: com.google.gson.stream.MalformedJsonException: invalid number or unquoted string near 
02:07:43 INFO  : Launching XSDB server: xsdb.bat -interactive C:\Users\Matthew\Desktop\embs_open2\particle_sim_lab\particle_sim_lab.sdk\temp_xsdb_launch_script.tcl
02:07:45 INFO  : XSDB server has started successfully.
02:07:45 INFO  : Processing command line option -hwspec C:/Users/Matthew/Desktop/embs_open2/particle_sim_lab/particle_sim_lab.sdk/design_1_wrapper.hdf.
02:08:07 INFO  : System reset is completed.
02:08:09 INFO  : FPGA configured successfully with bitstream "C:/Users/Matthew/Desktop/embs_open2/particle_sim_lab/particle_sim_lab.sdk/design_1_wrapper_hw_platform_1/design_1_wrapper.bit"
02:08:11 ERROR : Unexpected error while launching program.
java.lang.RuntimeException: Failed to download ELF file


    Cannot access DDR: the controller is held in reset

	at com.xilinx.sdk.targetmanager.internal.TM.downloadELF(TM.java:686)
	at com.xilinx.sdk.debug.core.internal.AppRunner.run(AppRunner.java:129)
	at com.xilinx.sdk.debug.core.XilinxAppLaunchConfigurationDelegate.runApplication(XilinxAppLaunchConfigurationDelegate.java:637)
	at com.xilinx.sdk.debug.core.XilinxAppLaunchConfigurationDelegate.launch(XilinxAppLaunchConfigurationDelegate.java:309)
	at com.xilinx.sdk.debug.ui.XilinxAppLaunchDelegateWrapper.launch(XilinxAppLaunchDelegateWrapper.java:31)
	at org.eclipse.debug.internal.core.LaunchConfiguration.launch(LaunchConfiguration.java:885)
	at org.eclipse.debug.internal.core.LaunchConfiguration.launch(LaunchConfiguration.java:739)
	at org.eclipse.debug.internal.ui.DebugUIPlugin.buildAndLaunch(DebugUIPlugin.java:1039)
	at org.eclipse.debug.internal.ui.DebugUIPlugin$8.run(DebugUIPlugin.java:1256)
	at org.eclipse.core.internal.jobs.Worker.run(Worker.java:55)
02:09:32 ERROR : Unexpected error while parsing XMD response ?: com.google.gson.JsonSyntaxException: com.google.gson.stream.MalformedJsonException: invalid number or unquoted string near 
02:09:46 INFO  : Launching XSDB server: xsdb.bat -interactive C:\Users\Matthew\Desktop\embs_open2\particle_sim_lab\particle_sim_lab.sdk\temp_xsdb_launch_script.tcl
02:09:48 INFO  : XSDB server has started successfully.
02:09:48 INFO  : Processing command line option -hwspec C:/Users/Matthew/Desktop/embs_open2/particle_sim_lab/particle_sim_lab.sdk/design_1_wrapper.hdf.
02:09:48 INFO  : Checking for hwspec changes in the project design_1_wrapper_hw_platform_2.
02:11:13 INFO  : System reset is completed.
02:11:15 INFO  : FPGA configured successfully with bitstream "C:/Users/Matthew/Desktop/embs_open2/particle_sim_lab/particle_sim_lab.sdk/design_1_wrapper_hw_platform_1/design_1_wrapper.bit"
02:11:41 INFO  : ps7_init is completed.
02:11:41 INFO  : ps7_post_config is completed.
02:12:56 INFO  : ps7_cortexa9_0 Processor is in use. Please stop existing Run or Debug sessions before launching.
02:13:00 INFO  : System reset is completed.
02:13:02 INFO  : FPGA configured successfully with bitstream "C:/Users/Matthew/Desktop/embs_open2/particle_sim_lab/particle_sim_lab.sdk/design_1_wrapper_hw_platform_1/design_1_wrapper.bit"
02:13:28 INFO  : ps7_init is completed.
02:13:28 INFO  : ps7_post_config is completed.
02:14:48 INFO  : ps7_cortexa9_0 Processor is in use. Please stop existing Run or Debug sessions before launching.
02:14:52 INFO  : System reset is completed.
02:14:54 INFO  : FPGA configured successfully with bitstream "C:/Users/Matthew/Desktop/embs_open2/particle_sim_lab/particle_sim_lab.sdk/design_1_wrapper_hw_platform_1/design_1_wrapper.bit"
02:15:20 INFO  : ps7_init is completed.
02:15:20 INFO  : ps7_post_config is completed.
02:19:37 INFO  : System reset is completed.
02:19:39 INFO  : FPGA configured successfully with bitstream "C:/Users/Matthew/Desktop/embs_open2/particle_sim_lab/particle_sim_lab.sdk/design_1_wrapper_hw_platform_1/design_1_wrapper.bit"
02:20:05 INFO  : ps7_init is completed.
02:20:05 INFO  : ps7_post_config is completed.
02:22:37 INFO  : ps7_cortexa9_0 Processor is in use. Please stop existing Run or Debug sessions before launching.
02:22:42 INFO  : System reset is completed.
02:22:43 INFO  : FPGA configured successfully with bitstream "C:/Users/Matthew/Desktop/embs_open2/particle_sim_lab/particle_sim_lab.sdk/design_1_wrapper_hw_platform_1/design_1_wrapper.bit"
02:23:09 INFO  : ps7_init is completed.
02:23:09 INFO  : ps7_post_config is completed.
02:27:02 INFO  : System reset is completed.
02:27:04 INFO  : FPGA configured successfully with bitstream "C:/Users/Matthew/Desktop/embs_open2/particle_sim_lab/particle_sim_lab.sdk/design_1_wrapper_hw_platform_1/design_1_wrapper.bit"
02:27:29 INFO  : ps7_init is completed.
02:27:30 INFO  : ps7_post_config is completed.
02:28:29 INFO  : ps7_cortexa9_0 Processor is in use. Please stop existing Run or Debug sessions before launching.
02:28:35 INFO  : System reset is completed.
02:28:36 INFO  : FPGA configured successfully with bitstream "C:/Users/Matthew/Desktop/embs_open2/particle_sim_lab/particle_sim_lab.sdk/design_1_wrapper_hw_platform_1/design_1_wrapper.bit"
02:29:02 INFO  : ps7_init is completed.
02:29:02 INFO  : ps7_post_config is completed.
02:29:44 INFO  : ps7_cortexa9_0 Processor is in use. Please stop existing Run or Debug sessions before launching.
02:29:49 INFO  : System reset is completed.
02:29:51 INFO  : FPGA configured successfully with bitstream "C:/Users/Matthew/Desktop/embs_open2/particle_sim_lab/particle_sim_lab.sdk/design_1_wrapper_hw_platform_1/design_1_wrapper.bit"
02:30:16 INFO  : ps7_init is completed.
02:30:17 INFO  : ps7_post_config is completed.
02:42:57 ERROR : Unexpected error while launching program.
java.lang.RuntimeException: The program file specified in the launch configuration does not exist
	at com.xilinx.sdk.debug.core.XilinxAppLaunchConfigurationDelegate.runApplication(XilinxAppLaunchConfigurationDelegate.java:580)
	at com.xilinx.sdk.debug.core.XilinxAppLaunchConfigurationDelegate.launch(XilinxAppLaunchConfigurationDelegate.java:309)
	at com.xilinx.sdk.debug.ui.XilinxAppLaunchDelegateWrapper.launch(XilinxAppLaunchDelegateWrapper.java:31)
	at org.eclipse.debug.internal.core.LaunchConfiguration.launch(LaunchConfiguration.java:885)
	at org.eclipse.debug.internal.core.LaunchConfiguration.launch(LaunchConfiguration.java:739)
	at org.eclipse.debug.internal.ui.DebugUIPlugin.buildAndLaunch(DebugUIPlugin.java:1039)
	at org.eclipse.debug.internal.ui.DebugUIPlugin$8.run(DebugUIPlugin.java:1256)
	at org.eclipse.core.internal.jobs.Worker.run(Worker.java:55)
02:44:16 INFO  : System reset is completed.
02:44:18 INFO  : FPGA configured successfully with bitstream "C:/Users/Matthew/Desktop/embs_open2/particle_sim_lab/particle_sim_lab.sdk/design_1_wrapper_hw_platform_1/design_1_wrapper.bit"
02:44:44 INFO  : ps7_init is completed.
02:44:44 INFO  : ps7_post_config is completed.
03:07:15 INFO  : ps7_cortexa9_0 Processor is in use. Please stop existing Run or Debug sessions before launching.
03:07:22 INFO  : System reset is completed.
03:07:24 INFO  : FPGA configured successfully with bitstream "C:/Users/Matthew/Desktop/embs_open2/particle_sim_lab/particle_sim_lab.sdk/design_1_wrapper_hw_platform_1/design_1_wrapper.bit"
03:07:50 INFO  : ps7_init is completed.
03:07:51 INFO  : ps7_post_config is completed.
03:14:29 INFO  : ps7_cortexa9_0 Processor is in use. Please stop existing Run or Debug sessions before launching.
03:14:33 INFO  : System reset is completed.
03:14:35 INFO  : FPGA configured successfully with bitstream "C:/Users/Matthew/Desktop/embs_open2/particle_sim_lab/particle_sim_lab.sdk/design_1_wrapper_hw_platform_1/design_1_wrapper.bit"
03:15:01 INFO  : ps7_init is completed.
03:15:02 INFO  : ps7_post_config is completed.
03:18:19 INFO  : System reset is completed.
03:18:21 INFO  : FPGA configured successfully with bitstream "C:/Users/Matthew/Desktop/embs_open2/particle_sim_lab/particle_sim_lab.sdk/design_1_wrapper_hw_platform_1/design_1_wrapper.bit"
03:18:47 INFO  : ps7_init is completed.
03:18:48 INFO  : ps7_post_config is completed.
03:21:23 INFO  : System reset is completed.
03:21:24 INFO  : FPGA configured successfully with bitstream "C:/Users/Matthew/Desktop/embs_open2/particle_sim_lab/particle_sim_lab.sdk/design_1_wrapper_hw_platform_1/design_1_wrapper.bit"
03:21:51 INFO  : ps7_init is completed.
03:21:51 INFO  : ps7_post_config is completed.
03:24:26 INFO  : System reset is completed.
03:24:28 INFO  : FPGA configured successfully with bitstream "C:/Users/Matthew/Desktop/embs_open2/particle_sim_lab/particle_sim_lab.sdk/design_1_wrapper_hw_platform_1/design_1_wrapper.bit"
03:24:54 INFO  : ps7_init is completed.
03:24:55 INFO  : ps7_post_config is completed.
03:38:57 INFO  : ps7_cortexa9_0 Processor is in use. Please stop existing Run or Debug sessions before launching.
03:39:02 INFO  : System reset is completed.
03:39:04 INFO  : FPGA configured successfully with bitstream "C:/Users/Matthew/Desktop/embs_open2/particle_sim_lab/particle_sim_lab.sdk/design_1_wrapper_hw_platform_1/design_1_wrapper.bit"
03:39:30 INFO  : ps7_init is completed.
03:39:31 INFO  : ps7_post_config is completed.
03:40:44 INFO  : System reset is completed.
03:40:46 INFO  : FPGA configured successfully with bitstream "C:/Users/Matthew/Desktop/embs_open2/particle_sim_lab/particle_sim_lab.sdk/design_1_wrapper_hw_platform_1/design_1_wrapper.bit"
03:41:16 INFO  : ps7_init is completed.
03:41:17 INFO  : ps7_post_config is completed.
03:42:58 INFO  : ps7_cortexa9_0 Processor is in use. Please stop existing Run or Debug sessions before launching.
03:43:02 INFO  : System reset is completed.
03:43:04 INFO  : FPGA configured successfully with bitstream "C:/Users/Matthew/Desktop/embs_open2/particle_sim_lab/particle_sim_lab.sdk/design_1_wrapper_hw_platform_1/design_1_wrapper.bit"
03:43:31 INFO  : ps7_init is completed.
03:43:31 INFO  : ps7_post_config is completed.
03:45:08 INFO  : ps7_cortexa9_0 Processor is in use. Please stop existing Run or Debug sessions before launching.
03:45:12 INFO  : System reset is completed.
03:45:14 INFO  : FPGA configured successfully with bitstream "C:/Users/Matthew/Desktop/embs_open2/particle_sim_lab/particle_sim_lab.sdk/design_1_wrapper_hw_platform_1/design_1_wrapper.bit"
03:45:40 INFO  : ps7_init is completed.
03:45:41 INFO  : ps7_post_config is completed.
03:47:01 INFO  : ps7_cortexa9_0 Processor is in use. Please stop existing Run or Debug sessions before launching.
03:47:06 INFO  : System reset is completed.
03:47:08 INFO  : FPGA configured successfully with bitstream "C:/Users/Matthew/Desktop/embs_open2/particle_sim_lab/particle_sim_lab.sdk/design_1_wrapper_hw_platform_1/design_1_wrapper.bit"
03:47:35 INFO  : ps7_init is completed.
03:47:35 INFO  : ps7_post_config is completed.
03:49:56 INFO  : ps7_cortexa9_0 Processor is in use. Please stop existing Run or Debug sessions before launching.
03:50:01 INFO  : System reset is completed.
03:50:03 INFO  : FPGA configured successfully with bitstream "C:/Users/Matthew/Desktop/embs_open2/particle_sim_lab/particle_sim_lab.sdk/design_1_wrapper_hw_platform_1/design_1_wrapper.bit"
03:50:30 INFO  : ps7_init is completed.
03:50:31 INFO  : ps7_post_config is completed.
03:53:21 INFO  : System reset is completed.
03:53:22 INFO  : FPGA configured successfully with bitstream "C:/Users/Matthew/Desktop/embs_open2/particle_sim_lab/particle_sim_lab.sdk/design_1_wrapper_hw_platform_1/design_1_wrapper.bit"
03:53:49 INFO  : ps7_init is completed.
03:53:49 INFO  : ps7_post_config is completed.
03:54:59 INFO  : System reset is completed.
03:55:01 INFO  : FPGA configured successfully with bitstream "C:/Users/Matthew/Desktop/embs_open2/particle_sim_lab/particle_sim_lab.sdk/design_1_wrapper_hw_platform_1/design_1_wrapper.bit"
03:55:27 INFO  : ps7_init is completed.
03:55:28 INFO  : ps7_post_config is completed.
03:56:13 INFO  : ps7_cortexa9_0 Processor is in use. Please stop existing Run or Debug sessions before launching.
03:56:18 INFO  : System reset is completed.
03:56:19 INFO  : FPGA configured successfully with bitstream "C:/Users/Matthew/Desktop/embs_open2/particle_sim_lab/particle_sim_lab.sdk/design_1_wrapper_hw_platform_1/design_1_wrapper.bit"
03:56:46 INFO  : ps7_init is completed.
03:56:46 INFO  : ps7_post_config is completed.
03:57:43 INFO  : ps7_cortexa9_0 Processor is in use. Please stop existing Run or Debug sessions before launching.
03:57:48 INFO  : System reset is completed.
03:57:49 INFO  : FPGA configured successfully with bitstream "C:/Users/Matthew/Desktop/embs_open2/particle_sim_lab/particle_sim_lab.sdk/design_1_wrapper_hw_platform_1/design_1_wrapper.bit"
03:58:16 INFO  : ps7_init is completed.
03:58:16 INFO  : ps7_post_config is completed.
04:20:25 INFO  : System reset is completed.
04:20:27 INFO  : FPGA configured successfully with bitstream "C:/Users/Matthew/Desktop/embs_open2/particle_sim_lab/particle_sim_lab.sdk/design_1_wrapper_hw_platform_1/design_1_wrapper.bit"
04:20:52 INFO  : ps7_init is completed.
04:20:53 INFO  : ps7_post_config is completed.
05:02:20 INFO  : System reset is completed.
05:02:21 INFO  : FPGA configured successfully with bitstream "C:/Users/Matthew/Desktop/embs_open2/particle_sim_lab/particle_sim_lab.sdk/design_1_wrapper_hw_platform_1/design_1_wrapper.bit"
05:02:47 INFO  : ps7_init is completed.
05:02:48 INFO  : ps7_post_config is completed.
05:05:37 INFO  : System reset is completed.
05:05:39 INFO  : FPGA configured successfully with bitstream "C:/Users/Matthew/Desktop/embs_open2/particle_sim_lab/particle_sim_lab.sdk/design_1_wrapper_hw_platform_1/design_1_wrapper.bit"
05:06:05 INFO  : ps7_init is completed.
05:06:05 INFO  : ps7_post_config is completed.
05:08:25 INFO  : ps7_cortexa9_0 Processor is in use. Please stop existing Run or Debug sessions before launching.
05:08:29 INFO  : System reset is completed.
05:08:31 INFO  : FPGA configured successfully with bitstream "C:/Users/Matthew/Desktop/embs_open2/particle_sim_lab/particle_sim_lab.sdk/design_1_wrapper_hw_platform_1/design_1_wrapper.bit"
05:08:56 INFO  : ps7_init is completed.
05:08:57 INFO  : ps7_post_config is completed.
05:11:16 INFO  : System reset is completed.
05:11:18 INFO  : FPGA configured successfully with bitstream "C:/Users/Matthew/Desktop/embs_open2/particle_sim_lab/particle_sim_lab.sdk/design_1_wrapper_hw_platform_1/design_1_wrapper.bit"
05:11:44 INFO  : ps7_init is completed.
05:11:44 INFO  : ps7_post_config is completed.
05:23:13 INFO  : System reset is completed.
05:23:15 INFO  : FPGA configured successfully with bitstream "C:/Users/Matthew/Desktop/embs_open2/particle_sim_lab/particle_sim_lab.sdk/design_1_wrapper_hw_platform_1/design_1_wrapper.bit"
05:23:40 INFO  : ps7_init is completed.
05:23:41 INFO  : ps7_post_config is completed.
